[2025-10-30T11:36:06.623+0000] {manager.py:470} INFO - Processing files using up to 2 processes at a time 
[2025-10-30T11:36:06.624+0000] {manager.py:471} INFO - Process each file at most once every 30 seconds
[2025-10-30T11:36:06.625+0000] {manager.py:472} INFO - Checking for new files in /opt/airflow/dags every 300 seconds
[2025-10-30T11:36:06.625+0000] {manager.py:737} INFO - Searching for files in /opt/airflow/dags
[2025-10-30T11:36:06.627+0000] {manager.py:740} INFO - There are 0 files in /opt/airflow/dags
[2025-10-30T11:41:06.702+0000] {manager.py:737} INFO - Searching for files in /opt/airflow/dags
[2025-10-30T11:41:06.706+0000] {manager.py:740} INFO - There are 0 files in /opt/airflow/dags
[2025-10-30T11:46:06.765+0000] {manager.py:737} INFO - Searching for files in /opt/airflow/dags
[2025-10-30T11:46:06.769+0000] {manager.py:740} INFO - There are 0 files in /opt/airflow/dags
[2025-10-30T11:51:06.836+0000] {manager.py:737} INFO - Searching for files in /opt/airflow/dags
[2025-10-30T11:51:06.838+0000] {manager.py:740} INFO - There are 0 files in /opt/airflow/dags
[2025-10-30T11:56:06.979+0000] {manager.py:737} INFO - Searching for files in /opt/airflow/dags
[2025-10-30T11:56:06.986+0000] {manager.py:740} INFO - There are 0 files in /opt/airflow/dags
[2025-10-30T12:01:07.302+0000] {manager.py:737} INFO - Searching for files in /opt/airflow/dags
[2025-10-30T12:01:07.305+0000] {manager.py:740} INFO - There are 0 files in /opt/airflow/dags
[2025-10-30T12:06:07.541+0000] {manager.py:737} INFO - Searching for files in /opt/airflow/dags
[2025-10-30T12:06:07.545+0000] {manager.py:740} INFO - There are 0 files in /opt/airflow/dags
[2025-10-30T12:11:07.785+0000] {manager.py:737} INFO - Searching for files in /opt/airflow/dags
[2025-10-30T12:11:07.789+0000] {manager.py:740} INFO - There are 0 files in /opt/airflow/dags
[2025-10-30T12:28:17.330+0000] {manager.py:737} INFO - Searching for files in /opt/airflow/dags
[2025-10-30T12:28:17.511+0000] {manager.py:740} INFO - There are 0 files in /opt/airflow/dags
[2025-10-30T12:33:17.921+0000] {manager.py:737} INFO - Searching for files in /opt/airflow/dags
[2025-10-30T12:33:17.925+0000] {manager.py:740} INFO - There are 0 files in /opt/airflow/dags
[2025-10-30T12:38:18.401+0000] {manager.py:737} INFO - Searching for files in /opt/airflow/dags
[2025-10-30T12:38:18.406+0000] {manager.py:740} INFO - There are 0 files in /opt/airflow/dags
[2025-10-30T12:43:18.733+0000] {manager.py:737} INFO - Searching for files in /opt/airflow/dags
[2025-10-30T12:43:18.737+0000] {manager.py:740} INFO - There are 0 files in /opt/airflow/dags
[2025-10-30T12:48:19.030+0000] {manager.py:737} INFO - Searching for files in /opt/airflow/dags
[2025-10-30T12:48:19.033+0000] {manager.py:740} INFO - There are 0 files in /opt/airflow/dags
[2025-10-30T12:53:19.193+0000] {manager.py:737} INFO - Searching for files in /opt/airflow/dags
[2025-10-30T12:53:19.198+0000] {manager.py:740} INFO - There are 0 files in /opt/airflow/dags
[2025-10-30T12:58:19.341+0000] {manager.py:737} INFO - Searching for files in /opt/airflow/dags
[2025-10-30T12:58:19.345+0000] {manager.py:740} INFO - There are 0 files in /opt/airflow/dags
[2025-10-30T13:03:19.983+0000] {manager.py:737} INFO - Searching for files in /opt/airflow/dags
[2025-10-30T13:03:19.987+0000] {manager.py:740} INFO - There are 0 files in /opt/airflow/dags
[2025-10-30T15:18:37.567+0000] {manager.py:470} INFO - Processing files using up to 2 processes at a time 
[2025-10-30T15:18:37.569+0000] {manager.py:471} INFO - Process each file at most once every 30 seconds
[2025-10-30T15:18:37.572+0000] {manager.py:472} INFO - Checking for new files in /opt/airflow/dags every 300 seconds
[2025-10-30T15:18:37.574+0000] {manager.py:737} INFO - Searching for files in /opt/airflow/dags
[2025-10-30T15:18:37.577+0000] {manager.py:740} INFO - There are 0 files in /opt/airflow/dags
[2025-10-30T15:23:37.718+0000] {manager.py:737} INFO - Searching for files in /opt/airflow/dags
[2025-10-30T15:23:37.721+0000] {manager.py:740} INFO - There are 0 files in /opt/airflow/dags
[2025-10-30T15:28:38.014+0000] {manager.py:737} INFO - Searching for files in /opt/airflow/dags
[2025-10-30T15:28:38.020+0000] {manager.py:740} INFO - There are 0 files in /opt/airflow/dags
[2025-10-30T15:33:38.097+0000] {manager.py:737} INFO - Searching for files in /opt/airflow/dags
[2025-10-30T15:33:38.100+0000] {manager.py:740} INFO - There are 0 files in /opt/airflow/dags
[2025-10-30T15:38:38.191+0000] {manager.py:737} INFO - Searching for files in /opt/airflow/dags
[2025-10-30T15:38:38.194+0000] {manager.py:740} INFO - There are 0 files in /opt/airflow/dags
[2025-10-30T15:43:38.273+0000] {manager.py:737} INFO - Searching for files in /opt/airflow/dags
[2025-10-30T15:43:38.276+0000] {manager.py:740} INFO - There are 0 files in /opt/airflow/dags
[2025-10-30T15:48:38.347+0000] {manager.py:737} INFO - Searching for files in /opt/airflow/dags
[2025-10-30T15:48:38.350+0000] {manager.py:740} INFO - There are 0 files in /opt/airflow/dags
[2025-10-30T15:53:38.522+0000] {manager.py:737} INFO - Searching for files in /opt/airflow/dags
[2025-10-30T15:53:38.525+0000] {manager.py:740} INFO - There are 0 files in /opt/airflow/dags
[2025-10-30T15:58:38.777+0000] {manager.py:737} INFO - Searching for files in /opt/airflow/dags
[2025-10-30T15:58:38.781+0000] {manager.py:740} INFO - There are 0 files in /opt/airflow/dags
[2025-10-30T16:03:38.990+0000] {manager.py:737} INFO - Searching for files in /opt/airflow/dags
[2025-10-30T16:03:38.993+0000] {manager.py:740} INFO - There are 0 files in /opt/airflow/dags
[2025-10-30T16:08:39.214+0000] {manager.py:737} INFO - Searching for files in /opt/airflow/dags
[2025-10-30T16:08:39.217+0000] {manager.py:740} INFO - There are 0 files in /opt/airflow/dags
[2025-10-30T23:58:27.821+0000] {manager.py:737} INFO - Searching for files in /opt/airflow/dags
[2025-10-30T23:58:27.964+0000] {manager.py:740} INFO - There are 0 files in /opt/airflow/dags
[2025-10-31T00:03:28.235+0000] {manager.py:737} INFO - Searching for files in /opt/airflow/dags
[2025-10-31T00:03:28.239+0000] {manager.py:740} INFO - There are 0 files in /opt/airflow/dags
[2025-10-31T00:08:28.424+0000] {manager.py:737} INFO - Searching for files in /opt/airflow/dags
[2025-10-31T00:08:28.427+0000] {manager.py:740} INFO - There are 0 files in /opt/airflow/dags
[2025-10-31T00:13:28.534+0000] {manager.py:737} INFO - Searching for files in /opt/airflow/dags
[2025-10-31T00:13:28.544+0000] {manager.py:740} INFO - There are 0 files in /opt/airflow/dags
[2025-10-31T00:18:28.771+0000] {manager.py:737} INFO - Searching for files in /opt/airflow/dags
[2025-10-31T00:18:28.779+0000] {manager.py:740} INFO - There are 0 files in /opt/airflow/dags
[2025-10-31T00:23:29.018+0000] {manager.py:737} INFO - Searching for files in /opt/airflow/dags
[2025-10-31T00:23:29.021+0000] {manager.py:740} INFO - There are 0 files in /opt/airflow/dags
[2025-10-31T00:28:29.256+0000] {manager.py:737} INFO - Searching for files in /opt/airflow/dags
[2025-10-31T00:28:29.259+0000] {manager.py:740} INFO - There are 0 files in /opt/airflow/dags
[2025-10-31T00:33:29.316+0000] {manager.py:737} INFO - Searching for files in /opt/airflow/dags
[2025-10-31T00:33:29.320+0000] {manager.py:740} INFO - There are 0 files in /opt/airflow/dags
[2025-10-31T00:38:29.499+0000] {manager.py:737} INFO - Searching for files in /opt/airflow/dags
[2025-10-31T00:38:29.503+0000] {manager.py:740} INFO - There are 0 files in /opt/airflow/dags
[2025-10-31T00:43:29.793+0000] {manager.py:737} INFO - Searching for files in /opt/airflow/dags
[2025-10-31T00:43:29.797+0000] {manager.py:740} INFO - There are 0 files in /opt/airflow/dags
[2025-10-31T00:48:29.899+0000] {manager.py:737} INFO - Searching for files in /opt/airflow/dags
[2025-10-31T00:48:29.902+0000] {manager.py:740} INFO - There are 0 files in /opt/airflow/dags
[2025-10-31T00:53:30.066+0000] {manager.py:737} INFO - Searching for files in /opt/airflow/dags
[2025-10-31T00:53:30.069+0000] {manager.py:740} INFO - There are 0 files in /opt/airflow/dags
[2025-10-31T00:58:30.267+0000] {manager.py:737} INFO - Searching for files in /opt/airflow/dags
[2025-10-31T00:58:30.271+0000] {manager.py:740} INFO - There are 0 files in /opt/airflow/dags
[2025-10-31T01:03:30.422+0000] {manager.py:737} INFO - Searching for files in /opt/airflow/dags
[2025-10-31T01:03:30.425+0000] {manager.py:740} INFO - There are 0 files in /opt/airflow/dags
[2025-10-31T01:08:30.618+0000] {manager.py:737} INFO - Searching for files in /opt/airflow/dags
[2025-10-31T01:08:30.622+0000] {manager.py:740} INFO - There are 0 files in /opt/airflow/dags
[2025-10-31T01:13:30.834+0000] {manager.py:737} INFO - Searching for files in /opt/airflow/dags
[2025-10-31T01:13:30.838+0000] {manager.py:740} INFO - There are 0 files in /opt/airflow/dags
[2025-10-31T01:18:31.036+0000] {manager.py:737} INFO - Searching for files in /opt/airflow/dags
[2025-10-31T01:18:31.039+0000] {manager.py:740} INFO - There are 0 files in /opt/airflow/dags
[2025-10-31T01:23:31.159+0000] {manager.py:737} INFO - Searching for files in /opt/airflow/dags
[2025-10-31T01:23:31.163+0000] {manager.py:740} INFO - There are 0 files in /opt/airflow/dags
[2025-10-31T01:28:31.347+0000] {manager.py:737} INFO - Searching for files in /opt/airflow/dags
[2025-10-31T01:28:31.350+0000] {manager.py:740} INFO - There are 0 files in /opt/airflow/dags
[2025-10-31T01:33:31.553+0000] {manager.py:737} INFO - Searching for files in /opt/airflow/dags
[2025-10-31T01:33:31.556+0000] {manager.py:740} INFO - There are 0 files in /opt/airflow/dags
[2025-10-31T01:38:31.762+0000] {manager.py:737} INFO - Searching for files in /opt/airflow/dags
[2025-10-31T01:38:31.765+0000] {manager.py:740} INFO - There are 0 files in /opt/airflow/dags
[2025-10-31T01:43:31.973+0000] {manager.py:737} INFO - Searching for files in /opt/airflow/dags
[2025-10-31T01:43:31.977+0000] {manager.py:740} INFO - There are 0 files in /opt/airflow/dags
[2025-10-31T01:48:32.144+0000] {manager.py:737} INFO - Searching for files in /opt/airflow/dags
[2025-10-31T01:48:32.147+0000] {manager.py:740} INFO - There are 0 files in /opt/airflow/dags
[2025-10-31T01:53:32.335+0000] {manager.py:737} INFO - Searching for files in /opt/airflow/dags
[2025-10-31T01:53:32.338+0000] {manager.py:740} INFO - There are 0 files in /opt/airflow/dags
[2025-10-31T01:58:32.545+0000] {manager.py:737} INFO - Searching for files in /opt/airflow/dags
[2025-10-31T01:58:32.549+0000] {manager.py:740} INFO - There are 0 files in /opt/airflow/dags
[2025-10-31T02:03:32.802+0000] {manager.py:737} INFO - Searching for files in /opt/airflow/dags
[2025-10-31T02:03:32.805+0000] {manager.py:740} INFO - There are 0 files in /opt/airflow/dags
[2025-10-31T02:08:33.022+0000] {manager.py:737} INFO - Searching for files in /opt/airflow/dags
[2025-10-31T02:08:33.026+0000] {manager.py:740} INFO - There are 0 files in /opt/airflow/dags
[2025-10-31T02:13:33.240+0000] {manager.py:737} INFO - Searching for files in /opt/airflow/dags
[2025-10-31T02:13:33.244+0000] {manager.py:740} INFO - There are 0 files in /opt/airflow/dags
[2025-10-31T02:18:33.421+0000] {manager.py:737} INFO - Searching for files in /opt/airflow/dags
[2025-10-31T02:18:33.425+0000] {manager.py:740} INFO - There are 0 files in /opt/airflow/dags
[2025-10-31T02:23:33.607+0000] {manager.py:737} INFO - Searching for files in /opt/airflow/dags
[2025-10-31T02:23:33.611+0000] {manager.py:740} INFO - There are 0 files in /opt/airflow/dags
[2025-10-31T02:28:33.814+0000] {manager.py:737} INFO - Searching for files in /opt/airflow/dags
[2025-10-31T02:28:33.817+0000] {manager.py:740} INFO - There are 0 files in /opt/airflow/dags
[2025-10-31T02:33:34.024+0000] {manager.py:737} INFO - Searching for files in /opt/airflow/dags
[2025-10-31T02:33:34.029+0000] {manager.py:740} INFO - There are 0 files in /opt/airflow/dags
[2025-10-31T02:38:34.217+0000] {manager.py:737} INFO - Searching for files in /opt/airflow/dags
[2025-10-31T02:38:34.220+0000] {manager.py:740} INFO - There are 0 files in /opt/airflow/dags
[2025-10-31T02:43:34.431+0000] {manager.py:737} INFO - Searching for files in /opt/airflow/dags
[2025-10-31T02:43:34.434+0000] {manager.py:740} INFO - There are 0 files in /opt/airflow/dags
[2025-10-31T02:48:34.583+0000] {manager.py:737} INFO - Searching for files in /opt/airflow/dags
[2025-10-31T02:48:34.587+0000] {manager.py:740} INFO - There are 0 files in /opt/airflow/dags
[2025-10-31T02:53:34.715+0000] {manager.py:737} INFO - Searching for files in /opt/airflow/dags
[2025-10-31T02:53:34.719+0000] {manager.py:740} INFO - There are 0 files in /opt/airflow/dags
[2025-10-31T02:58:34.914+0000] {manager.py:737} INFO - Searching for files in /opt/airflow/dags
[2025-10-31T02:58:34.918+0000] {manager.py:740} INFO - There are 0 files in /opt/airflow/dags
[2025-10-31T03:03:35.088+0000] {manager.py:737} INFO - Searching for files in /opt/airflow/dags
[2025-10-31T03:03:35.092+0000] {manager.py:740} INFO - There are 0 files in /opt/airflow/dags
[2025-10-31T03:08:35.286+0000] {manager.py:737} INFO - Searching for files in /opt/airflow/dags
[2025-10-31T03:08:35.290+0000] {manager.py:740} INFO - There are 0 files in /opt/airflow/dags
[2025-10-31T03:13:35.553+0000] {manager.py:737} INFO - Searching for files in /opt/airflow/dags
[2025-10-31T03:13:35.557+0000] {manager.py:740} INFO - There are 0 files in /opt/airflow/dags
[2025-10-31T03:18:35.757+0000] {manager.py:737} INFO - Searching for files in /opt/airflow/dags
[2025-10-31T03:18:35.759+0000] {manager.py:740} INFO - There are 0 files in /opt/airflow/dags
[2025-10-31T03:23:36.009+0000] {manager.py:737} INFO - Searching for files in /opt/airflow/dags
[2025-10-31T03:23:36.013+0000] {manager.py:740} INFO - There are 0 files in /opt/airflow/dags
[2025-10-31T03:28:36.191+0000] {manager.py:737} INFO - Searching for files in /opt/airflow/dags
[2025-10-31T03:28:36.194+0000] {manager.py:740} INFO - There are 0 files in /opt/airflow/dags
[2025-10-31T03:33:36.392+0000] {manager.py:737} INFO - Searching for files in /opt/airflow/dags
[2025-10-31T03:33:36.395+0000] {manager.py:740} INFO - There are 0 files in /opt/airflow/dags
[2025-10-31T03:38:36.565+0000] {manager.py:737} INFO - Searching for files in /opt/airflow/dags
[2025-10-31T03:38:36.568+0000] {manager.py:740} INFO - There are 0 files in /opt/airflow/dags
[2025-10-31T03:43:36.783+0000] {manager.py:737} INFO - Searching for files in /opt/airflow/dags
[2025-10-31T03:43:36.786+0000] {manager.py:740} INFO - There are 0 files in /opt/airflow/dags
[2025-10-31T03:48:36.943+0000] {manager.py:737} INFO - Searching for files in /opt/airflow/dags
[2025-10-31T03:48:36.948+0000] {manager.py:740} INFO - There are 0 files in /opt/airflow/dags
[2025-10-31T03:53:37.475+0000] {manager.py:737} INFO - Searching for files in /opt/airflow/dags
[2025-10-31T03:53:37.482+0000] {manager.py:740} INFO - There are 0 files in /opt/airflow/dags
[2025-10-31T03:58:37.671+0000] {manager.py:737} INFO - Searching for files in /opt/airflow/dags
[2025-10-31T03:58:37.674+0000] {manager.py:740} INFO - There are 0 files in /opt/airflow/dags
[2025-10-31T04:03:37.821+0000] {manager.py:737} INFO - Searching for files in /opt/airflow/dags
[2025-10-31T04:03:37.824+0000] {manager.py:740} INFO - There are 0 files in /opt/airflow/dags
[2025-10-31T04:08:37.964+0000] {manager.py:737} INFO - Searching for files in /opt/airflow/dags
[2025-10-31T04:08:37.968+0000] {manager.py:740} INFO - There are 0 files in /opt/airflow/dags
[2025-10-31T04:13:38.144+0000] {manager.py:737} INFO - Searching for files in /opt/airflow/dags
[2025-10-31T04:13:38.147+0000] {manager.py:740} INFO - There are 0 files in /opt/airflow/dags
[2025-10-31T04:18:38.314+0000] {manager.py:737} INFO - Searching for files in /opt/airflow/dags
[2025-10-31T04:18:38.318+0000] {manager.py:740} INFO - There are 0 files in /opt/airflow/dags
[2025-10-31T04:23:38.498+0000] {manager.py:737} INFO - Searching for files in /opt/airflow/dags
[2025-10-31T04:23:38.503+0000] {manager.py:740} INFO - There are 0 files in /opt/airflow/dags
[2025-10-31T04:28:38.846+0000] {manager.py:737} INFO - Searching for files in /opt/airflow/dags
[2025-10-31T04:28:38.849+0000] {manager.py:740} INFO - There are 0 files in /opt/airflow/dags
[2025-10-31T04:33:39.097+0000] {manager.py:737} INFO - Searching for files in /opt/airflow/dags
[2025-10-31T04:33:39.101+0000] {manager.py:740} INFO - There are 0 files in /opt/airflow/dags
[2025-10-31T04:38:39.325+0000] {manager.py:737} INFO - Searching for files in /opt/airflow/dags
[2025-10-31T04:38:39.328+0000] {manager.py:740} INFO - There are 0 files in /opt/airflow/dags
[2025-10-31T04:43:39.510+0000] {manager.py:737} INFO - Searching for files in /opt/airflow/dags
[2025-10-31T04:43:39.513+0000] {manager.py:740} INFO - There are 0 files in /opt/airflow/dags
[2025-10-31T04:48:39.806+0000] {manager.py:737} INFO - Searching for files in /opt/airflow/dags
[2025-10-31T04:48:39.810+0000] {manager.py:740} INFO - There are 0 files in /opt/airflow/dags
[2025-10-31T04:53:40.044+0000] {manager.py:737} INFO - Searching for files in /opt/airflow/dags
[2025-10-31T04:53:40.047+0000] {manager.py:740} INFO - There are 0 files in /opt/airflow/dags
[2025-10-31T04:58:40.413+0000] {manager.py:737} INFO - Searching for files in /opt/airflow/dags
[2025-10-31T04:58:40.421+0000] {manager.py:740} INFO - There are 0 files in /opt/airflow/dags
[2025-10-31T05:03:40.633+0000] {manager.py:737} INFO - Searching for files in /opt/airflow/dags
[2025-10-31T05:03:40.636+0000] {manager.py:740} INFO - There are 0 files in /opt/airflow/dags
[2025-10-31T05:08:40.709+0000] {manager.py:737} INFO - Searching for files in /opt/airflow/dags
[2025-10-31T05:08:40.713+0000] {manager.py:740} INFO - There are 0 files in /opt/airflow/dags
[2025-10-31T05:13:40.821+0000] {manager.py:737} INFO - Searching for files in /opt/airflow/dags
[2025-10-31T05:13:40.824+0000] {manager.py:740} INFO - There are 0 files in /opt/airflow/dags
[2025-10-31T05:18:40.983+0000] {manager.py:737} INFO - Searching for files in /opt/airflow/dags
[2025-10-31T05:18:40.987+0000] {manager.py:740} INFO - There are 0 files in /opt/airflow/dags
[2025-10-31T05:23:41.052+0000] {manager.py:737} INFO - Searching for files in /opt/airflow/dags
[2025-10-31T05:23:41.056+0000] {manager.py:740} INFO - There are 0 files in /opt/airflow/dags
[2025-10-31T05:28:41.209+0000] {manager.py:737} INFO - Searching for files in /opt/airflow/dags
[2025-10-31T05:28:41.213+0000] {manager.py:740} INFO - There are 0 files in /opt/airflow/dags
[2025-10-31T05:33:41.850+0000] {manager.py:737} INFO - Searching for files in /opt/airflow/dags
[2025-10-31T05:33:41.854+0000] {manager.py:740} INFO - There are 0 files in /opt/airflow/dags
[2025-10-31T05:38:41.963+0000] {manager.py:737} INFO - Searching for files in /opt/airflow/dags
[2025-10-31T05:38:41.966+0000] {manager.py:740} INFO - There are 0 files in /opt/airflow/dags
[2025-10-31T05:43:42.133+0000] {manager.py:737} INFO - Searching for files in /opt/airflow/dags
[2025-10-31T05:43:42.136+0000] {manager.py:740} INFO - There are 0 files in /opt/airflow/dags
[2025-10-31T05:48:42.360+0000] {manager.py:737} INFO - Searching for files in /opt/airflow/dags
[2025-10-31T05:48:42.363+0000] {manager.py:740} INFO - There are 0 files in /opt/airflow/dags
[2025-10-31T05:53:42.833+0000] {manager.py:737} INFO - Searching for files in /opt/airflow/dags
[2025-10-31T05:53:42.834+0000] {manager.py:740} INFO - There are 0 files in /opt/airflow/dags
[2025-10-31T07:34:35.354+0000] {manager.py:737} INFO - Searching for files in /opt/airflow/dags
[2025-10-31T07:34:35.370+0000] {manager.py:740} INFO - There are 0 files in /opt/airflow/dags
[2025-10-31T07:39:35.537+0000] {manager.py:737} INFO - Searching for files in /opt/airflow/dags
[2025-10-31T07:39:35.540+0000] {manager.py:740} INFO - There are 0 files in /opt/airflow/dags
[2025-10-31T07:44:35.745+0000] {manager.py:737} INFO - Searching for files in /opt/airflow/dags
[2025-10-31T07:44:35.748+0000] {manager.py:740} INFO - There are 0 files in /opt/airflow/dags
[2025-10-31T07:49:35.849+0000] {manager.py:737} INFO - Searching for files in /opt/airflow/dags
[2025-10-31T07:49:35.853+0000] {manager.py:740} INFO - There are 0 files in /opt/airflow/dags
[2025-10-31T07:54:36.024+0000] {manager.py:737} INFO - Searching for files in /opt/airflow/dags
[2025-10-31T07:54:36.036+0000] {manager.py:740} INFO - There are 0 files in /opt/airflow/dags
[2025-10-31T07:59:36.246+0000] {manager.py:737} INFO - Searching for files in /opt/airflow/dags
[2025-10-31T07:59:36.248+0000] {manager.py:740} INFO - There are 0 files in /opt/airflow/dags
[2025-10-31T08:04:36.394+0000] {manager.py:737} INFO - Searching for files in /opt/airflow/dags
[2025-10-31T08:04:36.398+0000] {manager.py:740} INFO - There are 0 files in /opt/airflow/dags
[2025-10-31T08:09:36.588+0000] {manager.py:737} INFO - Searching for files in /opt/airflow/dags
[2025-10-31T08:09:36.591+0000] {manager.py:740} INFO - There are 0 files in /opt/airflow/dags
[2025-10-31T08:14:36.731+0000] {manager.py:737} INFO - Searching for files in /opt/airflow/dags
[2025-10-31T08:14:36.734+0000] {manager.py:740} INFO - There are 0 files in /opt/airflow/dags
[2025-10-31T08:19:36.884+0000] {manager.py:737} INFO - Searching for files in /opt/airflow/dags
[2025-10-31T08:19:36.888+0000] {manager.py:740} INFO - There are 0 files in /opt/airflow/dags
[2025-10-31T08:24:37.063+0000] {manager.py:737} INFO - Searching for files in /opt/airflow/dags
[2025-10-31T08:24:37.067+0000] {manager.py:740} INFO - There are 0 files in /opt/airflow/dags
[2025-10-31T08:29:37.246+0000] {manager.py:737} INFO - Searching for files in /opt/airflow/dags
[2025-10-31T08:29:37.249+0000] {manager.py:740} INFO - There are 0 files in /opt/airflow/dags
[2025-10-31T08:34:37.398+0000] {manager.py:737} INFO - Searching for files in /opt/airflow/dags
[2025-10-31T08:34:37.401+0000] {manager.py:740} INFO - There are 0 files in /opt/airflow/dags
[2025-10-31T08:39:37.520+0000] {manager.py:737} INFO - Searching for files in /opt/airflow/dags
[2025-10-31T08:39:37.523+0000] {manager.py:740} INFO - There are 0 files in /opt/airflow/dags
[2025-10-31T08:44:37.689+0000] {manager.py:737} INFO - Searching for files in /opt/airflow/dags
[2025-10-31T08:44:37.692+0000] {manager.py:740} INFO - There are 0 files in /opt/airflow/dags
[2025-10-31T08:49:37.817+0000] {manager.py:737} INFO - Searching for files in /opt/airflow/dags
[2025-10-31T08:49:37.821+0000] {manager.py:740} INFO - There are 0 files in /opt/airflow/dags
[2025-10-31T08:54:37.844+0000] {manager.py:737} INFO - Searching for files in /opt/airflow/dags
[2025-10-31T08:54:37.847+0000] {manager.py:740} INFO - There are 0 files in /opt/airflow/dags
[2025-10-31T08:59:38.840+0000] {manager.py:737} INFO - Searching for files in /opt/airflow/dags
[2025-10-31T08:59:38.844+0000] {manager.py:740} INFO - There are 0 files in /opt/airflow/dags
[2025-10-31T09:04:39.038+0000] {manager.py:737} INFO - Searching for files in /opt/airflow/dags
[2025-10-31T09:04:39.041+0000] {manager.py:740} INFO - There are 0 files in /opt/airflow/dags
[2025-10-31T09:09:39.081+0000] {manager.py:737} INFO - Searching for files in /opt/airflow/dags
[2025-10-31T09:09:39.084+0000] {manager.py:740} INFO - There are 0 files in /opt/airflow/dags
[2025-10-31T09:14:39.120+0000] {manager.py:737} INFO - Searching for files in /opt/airflow/dags
[2025-10-31T09:14:39.124+0000] {manager.py:740} INFO - There are 0 files in /opt/airflow/dags
[2025-10-31T09:19:39.130+0000] {manager.py:737} INFO - Searching for files in /opt/airflow/dags
[2025-10-31T09:19:39.132+0000] {manager.py:740} INFO - There are 0 files in /opt/airflow/dags
[2025-10-31T09:24:40.129+0000] {manager.py:737} INFO - Searching for files in /opt/airflow/dags
[2025-10-31T09:24:40.132+0000] {manager.py:740} INFO - There are 0 files in /opt/airflow/dags
[2025-10-31T09:29:40.186+0000] {manager.py:737} INFO - Searching for files in /opt/airflow/dags
[2025-10-31T09:29:40.190+0000] {manager.py:740} INFO - There are 0 files in /opt/airflow/dags
[2025-10-31T13:26:40.872+0000] {manager.py:737} INFO - Searching for files in /opt/airflow/dags
[2025-10-31T13:26:40.940+0000] {manager.py:740} INFO - There are 0 files in /opt/airflow/dags
[2025-10-31T13:31:41.002+0000] {manager.py:737} INFO - Searching for files in /opt/airflow/dags
[2025-10-31T13:31:41.006+0000] {manager.py:740} INFO - There are 0 files in /opt/airflow/dags
[2025-10-31T13:36:42.001+0000] {manager.py:737} INFO - Searching for files in /opt/airflow/dags
[2025-10-31T13:36:42.004+0000] {manager.py:740} INFO - There are 0 files in /opt/airflow/dags
[2025-10-31T13:41:42.009+0000] {manager.py:737} INFO - Searching for files in /opt/airflow/dags
[2025-10-31T13:41:42.013+0000] {manager.py:740} INFO - There are 0 files in /opt/airflow/dags
[2025-10-31T13:46:42.087+0000] {manager.py:737} INFO - Searching for files in /opt/airflow/dags
[2025-10-31T13:46:42.091+0000] {manager.py:740} INFO - There are 0 files in /opt/airflow/dags
[2025-10-31T13:51:42.207+0000] {manager.py:737} INFO - Searching for files in /opt/airflow/dags
[2025-10-31T13:51:42.210+0000] {manager.py:740} INFO - There are 0 files in /opt/airflow/dags
[2025-10-31T13:56:42.316+0000] {manager.py:737} INFO - Searching for files in /opt/airflow/dags
[2025-10-31T13:56:42.320+0000] {manager.py:740} INFO - There are 0 files in /opt/airflow/dags
[2025-10-31T14:01:43.103+0000] {manager.py:737} INFO - Searching for files in /opt/airflow/dags
[2025-10-31T14:01:43.108+0000] {manager.py:740} INFO - There are 0 files in /opt/airflow/dags
[2025-10-31T14:06:43.280+0000] {manager.py:737} INFO - Searching for files in /opt/airflow/dags
[2025-10-31T14:06:43.285+0000] {manager.py:740} INFO - There are 0 files in /opt/airflow/dags
[2025-10-31T14:21:21.691+0000] {manager.py:737} INFO - Searching for files in /opt/airflow/dags
[2025-10-31T14:21:21.748+0000] {manager.py:740} INFO - There are 0 files in /opt/airflow/dags
[2025-10-31T14:26:21.774+0000] {manager.py:737} INFO - Searching for files in /opt/airflow/dags
[2025-10-31T14:26:21.776+0000] {manager.py:740} INFO - There are 0 files in /opt/airflow/dags
[2025-10-31T14:31:22.362+0000] {manager.py:737} INFO - Searching for files in /opt/airflow/dags
[2025-10-31T14:31:22.365+0000] {manager.py:740} INFO - There are 0 files in /opt/airflow/dags
[2025-10-31T14:36:22.464+0000] {manager.py:737} INFO - Searching for files in /opt/airflow/dags
[2025-10-31T14:36:22.468+0000] {manager.py:740} INFO - There are 0 files in /opt/airflow/dags
[2025-11-01T01:50:45.552+0000] {manager.py:737} INFO - Searching for files in /opt/airflow/dags
[2025-11-01T01:50:45.399+0000] {manager.py:740} INFO - There are 0 files in /opt/airflow/dags
[2025-11-01T01:55:45.561+0000] {manager.py:737} INFO - Searching for files in /opt/airflow/dags
[2025-11-01T01:55:45.565+0000] {manager.py:740} INFO - There are 0 files in /opt/airflow/dags
[2025-11-01T02:00:45.992+0000] {manager.py:737} INFO - Searching for files in /opt/airflow/dags
[2025-11-01T02:00:46.000+0000] {manager.py:740} INFO - There are 0 files in /opt/airflow/dags
[2025-11-01T02:05:46.039+0000] {manager.py:737} INFO - Searching for files in /opt/airflow/dags
[2025-11-01T02:05:46.042+0000] {manager.py:740} INFO - There are 0 files in /opt/airflow/dags
[2025-11-01T02:10:46.145+0000] {manager.py:737} INFO - Searching for files in /opt/airflow/dags
[2025-11-01T02:10:46.150+0000] {manager.py:740} INFO - There are 0 files in /opt/airflow/dags
[2025-11-01T02:15:46.240+0000] {manager.py:737} INFO - Searching for files in /opt/airflow/dags
[2025-11-01T02:15:46.244+0000] {manager.py:740} INFO - There are 0 files in /opt/airflow/dags
[2025-11-01T02:20:46.355+0000] {manager.py:737} INFO - Searching for files in /opt/airflow/dags
[2025-11-01T02:20:46.358+0000] {manager.py:740} INFO - There are 0 files in /opt/airflow/dags
[2025-11-01T02:25:46.469+0000] {manager.py:737} INFO - Searching for files in /opt/airflow/dags
[2025-11-01T02:25:46.472+0000] {manager.py:740} INFO - There are 0 files in /opt/airflow/dags
[2025-11-01T02:30:46.599+0000] {manager.py:737} INFO - Searching for files in /opt/airflow/dags
[2025-11-01T02:30:46.602+0000] {manager.py:740} INFO - There are 0 files in /opt/airflow/dags
[2025-11-01T02:35:46.654+0000] {manager.py:737} INFO - Searching for files in /opt/airflow/dags
[2025-11-01T02:35:46.658+0000] {manager.py:740} INFO - There are 0 files in /opt/airflow/dags
[2025-11-01T02:40:46.711+0000] {manager.py:737} INFO - Searching for files in /opt/airflow/dags
[2025-11-01T02:40:46.724+0000] {manager.py:740} INFO - There are 0 files in /opt/airflow/dags
[2025-11-01T02:45:46.954+0000] {manager.py:737} INFO - Searching for files in /opt/airflow/dags
[2025-11-01T02:45:46.958+0000] {manager.py:740} INFO - There are 0 files in /opt/airflow/dags
[2025-11-01T02:50:46.992+0000] {manager.py:737} INFO - Searching for files in /opt/airflow/dags
[2025-11-01T02:50:46.995+0000] {manager.py:740} INFO - There are 0 files in /opt/airflow/dags
[2025-11-01T02:55:47.079+0000] {manager.py:737} INFO - Searching for files in /opt/airflow/dags
[2025-11-01T02:55:47.082+0000] {manager.py:740} INFO - There are 0 files in /opt/airflow/dags
[2025-11-01T03:00:48.073+0000] {manager.py:737} INFO - Searching for files in /opt/airflow/dags
[2025-11-01T03:00:48.076+0000] {manager.py:740} INFO - There are 0 files in /opt/airflow/dags
[2025-11-01T03:05:48.082+0000] {manager.py:737} INFO - Searching for files in /opt/airflow/dags
[2025-11-01T03:05:48.083+0000] {manager.py:740} INFO - There are 0 files in /opt/airflow/dags
[2025-11-01T03:10:48.191+0000] {manager.py:737} INFO - Searching for files in /opt/airflow/dags
[2025-11-01T03:10:48.192+0000] {manager.py:740} INFO - There are 0 files in /opt/airflow/dags
[2025-11-01T03:15:48.255+0000] {manager.py:737} INFO - Searching for files in /opt/airflow/dags
[2025-11-01T03:15:48.259+0000] {manager.py:740} INFO - There are 0 files in /opt/airflow/dags
[2025-11-01T03:20:48.336+0000] {manager.py:737} INFO - Searching for files in /opt/airflow/dags
[2025-11-01T03:20:48.340+0000] {manager.py:740} INFO - There are 0 files in /opt/airflow/dags
[2025-11-01T03:25:48.568+0000] {manager.py:737} INFO - Searching for files in /opt/airflow/dags
[2025-11-01T03:25:48.570+0000] {manager.py:740} INFO - There are 0 files in /opt/airflow/dags
[2025-11-01T03:30:49.558+0000] {manager.py:737} INFO - Searching for files in /opt/airflow/dags
[2025-11-01T03:30:49.560+0000] {manager.py:740} INFO - There are 0 files in /opt/airflow/dags
[2025-11-01T03:35:49.673+0000] {manager.py:737} INFO - Searching for files in /opt/airflow/dags
[2025-11-01T03:35:49.677+0000] {manager.py:740} INFO - There are 0 files in /opt/airflow/dags
[2025-11-01T03:40:49.781+0000] {manager.py:737} INFO - Searching for files in /opt/airflow/dags
[2025-11-01T03:40:49.782+0000] {manager.py:740} INFO - There are 0 files in /opt/airflow/dags
[2025-11-01T03:45:49.855+0000] {manager.py:737} INFO - Searching for files in /opt/airflow/dags
[2025-11-01T03:45:49.859+0000] {manager.py:740} INFO - There are 0 files in /opt/airflow/dags
[2025-11-01T03:50:49.936+0000] {manager.py:737} INFO - Searching for files in /opt/airflow/dags
[2025-11-01T03:50:49.939+0000] {manager.py:740} INFO - There are 0 files in /opt/airflow/dags
[2025-11-01T03:55:50.057+0000] {manager.py:737} INFO - Searching for files in /opt/airflow/dags
[2025-11-01T03:55:50.060+0000] {manager.py:740} INFO - There are 0 files in /opt/airflow/dags
[2025-11-01T04:00:50.167+0000] {manager.py:737} INFO - Searching for files in /opt/airflow/dags
[2025-11-01T04:00:50.170+0000] {manager.py:740} INFO - There are 0 files in /opt/airflow/dags
[2025-11-01T04:05:50.275+0000] {manager.py:737} INFO - Searching for files in /opt/airflow/dags
[2025-11-01T04:05:50.279+0000] {manager.py:740} INFO - There are 0 files in /opt/airflow/dags
[2025-11-01T04:10:50.346+0000] {manager.py:737} INFO - Searching for files in /opt/airflow/dags
[2025-11-01T04:10:50.350+0000] {manager.py:740} INFO - There are 0 files in /opt/airflow/dags
[2025-11-01T04:15:50.423+0000] {manager.py:737} INFO - Searching for files in /opt/airflow/dags
[2025-11-01T04:15:50.427+0000] {manager.py:740} INFO - There are 0 files in /opt/airflow/dags
[2025-11-01T04:20:50.555+0000] {manager.py:737} INFO - Searching for files in /opt/airflow/dags
[2025-11-01T04:20:50.559+0000] {manager.py:740} INFO - There are 0 files in /opt/airflow/dags
[2025-11-01T04:25:50.577+0000] {manager.py:737} INFO - Searching for files in /opt/airflow/dags
[2025-11-01T04:25:50.580+0000] {manager.py:740} INFO - There are 0 files in /opt/airflow/dags
[2025-11-01T04:30:50.616+0000] {manager.py:737} INFO - Searching for files in /opt/airflow/dags
[2025-11-01T04:30:50.619+0000] {manager.py:740} INFO - There are 0 files in /opt/airflow/dags
[2025-11-01T04:35:50.701+0000] {manager.py:737} INFO - Searching for files in /opt/airflow/dags
[2025-11-01T04:35:50.705+0000] {manager.py:740} INFO - There are 0 files in /opt/airflow/dags
[2025-11-01T04:40:50.799+0000] {manager.py:737} INFO - Searching for files in /opt/airflow/dags
[2025-11-01T04:40:50.802+0000] {manager.py:740} INFO - There are 0 files in /opt/airflow/dags
[2025-11-01T04:45:50.881+0000] {manager.py:737} INFO - Searching for files in /opt/airflow/dags
[2025-11-01T04:45:50.886+0000] {manager.py:740} INFO - There are 0 files in /opt/airflow/dags
[2025-11-01T04:50:50.998+0000] {manager.py:737} INFO - Searching for files in /opt/airflow/dags
[2025-11-01T04:50:51.002+0000] {manager.py:740} INFO - There are 0 files in /opt/airflow/dags
[2025-11-01T04:55:51.133+0000] {manager.py:737} INFO - Searching for files in /opt/airflow/dags
[2025-11-01T04:55:51.137+0000] {manager.py:740} INFO - There are 0 files in /opt/airflow/dags
[2025-11-01T05:00:51.254+0000] {manager.py:737} INFO - Searching for files in /opt/airflow/dags
[2025-11-01T05:00:51.258+0000] {manager.py:740} INFO - There are 0 files in /opt/airflow/dags
[2025-11-01T05:05:51.489+0000] {manager.py:737} INFO - Searching for files in /opt/airflow/dags
[2025-11-01T05:05:51.492+0000] {manager.py:740} INFO - There are 0 files in /opt/airflow/dags
[2025-11-01T05:10:51.624+0000] {manager.py:737} INFO - Searching for files in /opt/airflow/dags
[2025-11-01T05:10:51.627+0000] {manager.py:740} INFO - There are 0 files in /opt/airflow/dags
[2025-11-01T05:15:52.621+0000] {manager.py:737} INFO - Searching for files in /opt/airflow/dags
[2025-11-01T05:15:52.625+0000] {manager.py:740} INFO - There are 0 files in /opt/airflow/dags
[2025-11-01T05:20:52.765+0000] {manager.py:737} INFO - Searching for files in /opt/airflow/dags
[2025-11-01T05:20:52.768+0000] {manager.py:740} INFO - There are 0 files in /opt/airflow/dags
[2025-11-01T05:25:52.908+0000] {manager.py:737} INFO - Searching for files in /opt/airflow/dags
[2025-11-01T05:25:52.912+0000] {manager.py:740} INFO - There are 0 files in /opt/airflow/dags
[2025-11-01T05:30:52.914+0000] {manager.py:737} INFO - Searching for files in /opt/airflow/dags
[2025-11-01T05:30:52.918+0000] {manager.py:740} INFO - There are 0 files in /opt/airflow/dags
[2025-11-01T05:35:52.961+0000] {manager.py:737} INFO - Searching for files in /opt/airflow/dags
[2025-11-01T05:35:52.964+0000] {manager.py:740} INFO - There are 0 files in /opt/airflow/dags
[2025-11-01T05:40:53.955+0000] {manager.py:737} INFO - Searching for files in /opt/airflow/dags
[2025-11-01T05:40:53.959+0000] {manager.py:740} INFO - There are 0 files in /opt/airflow/dags
[2025-11-01T05:45:54.152+0000] {manager.py:737} INFO - Searching for files in /opt/airflow/dags
[2025-11-01T05:45:54.154+0000] {manager.py:740} INFO - There are 0 files in /opt/airflow/dags
[2025-11-01T05:50:54.342+0000] {manager.py:737} INFO - Searching for files in /opt/airflow/dags
[2025-11-01T05:50:54.345+0000] {manager.py:740} INFO - There are 0 files in /opt/airflow/dags
[2025-11-01T05:55:54.371+0000] {manager.py:737} INFO - Searching for files in /opt/airflow/dags
[2025-11-01T05:55:54.375+0000] {manager.py:740} INFO - There are 0 files in /opt/airflow/dags
[2025-11-01T06:00:54.477+0000] {manager.py:737} INFO - Searching for files in /opt/airflow/dags
[2025-11-01T06:00:54.480+0000] {manager.py:740} INFO - There are 0 files in /opt/airflow/dags
[2025-11-01T06:05:55.441+0000] {manager.py:737} INFO - Searching for files in /opt/airflow/dags
[2025-11-01T06:05:55.445+0000] {manager.py:740} INFO - There are 0 files in /opt/airflow/dags
[2025-11-01T06:10:55.658+0000] {manager.py:737} INFO - Searching for files in /opt/airflow/dags
[2025-11-01T06:10:55.661+0000] {manager.py:740} INFO - There are 0 files in /opt/airflow/dags
[2025-11-01T06:15:55.868+0000] {manager.py:737} INFO - Searching for files in /opt/airflow/dags
[2025-11-01T06:15:55.871+0000] {manager.py:740} INFO - There are 0 files in /opt/airflow/dags
[2025-11-01T06:20:55.954+0000] {manager.py:737} INFO - Searching for files in /opt/airflow/dags
[2025-11-01T06:20:55.956+0000] {manager.py:740} INFO - There are 0 files in /opt/airflow/dags
[2025-11-01T06:25:55.973+0000] {manager.py:737} INFO - Searching for files in /opt/airflow/dags
[2025-11-01T06:25:55.976+0000] {manager.py:740} INFO - There are 0 files in /opt/airflow/dags
[2025-11-01T06:30:56.097+0000] {manager.py:737} INFO - Searching for files in /opt/airflow/dags
[2025-11-01T06:30:56.101+0000] {manager.py:740} INFO - There are 0 files in /opt/airflow/dags
[2025-11-01T06:33:27.457+0000] {manager.py:452} INFO - Exiting gracefully upon receiving signal 15
[2025-11-01T06:35:06.669+0000] {manager.py:470} INFO - Processing files using up to 2 processes at a time 
[2025-11-01T06:35:06.670+0000] {manager.py:471} INFO - Process each file at most once every 30 seconds
[2025-11-01T06:35:06.671+0000] {manager.py:472} INFO - Checking for new files in /opt/airflow/dags every 300 seconds
[2025-11-01T06:35:06.671+0000] {manager.py:737} INFO - Searching for files in /opt/airflow/dags
[2025-11-01T06:35:06.673+0000] {manager.py:740} INFO - There are 0 files in /opt/airflow/dags
[2025-11-01T06:40:06.907+0000] {manager.py:737} INFO - Searching for files in /opt/airflow/dags
[2025-11-01T06:40:06.952+0000] {manager.py:740} INFO - There are 0 files in /opt/airflow/dags
[2025-11-01T06:45:07.017+0000] {manager.py:737} INFO - Searching for files in /opt/airflow/dags
[2025-11-01T06:45:07.020+0000] {manager.py:740} INFO - There are 0 files in /opt/airflow/dags
[2025-11-01T06:50:07.071+0000] {manager.py:737} INFO - Searching for files in /opt/airflow/dags
[2025-11-01T06:50:07.074+0000] {manager.py:740} INFO - There are 0 files in /opt/airflow/dags
[2025-11-01T06:55:07.125+0000] {manager.py:737} INFO - Searching for files in /opt/airflow/dags
[2025-11-01T06:55:07.127+0000] {manager.py:740} INFO - There are 0 files in /opt/airflow/dags
[2025-11-01T07:32:12.046+0000] {manager.py:737} INFO - Searching for files in /opt/airflow/dags
[2025-11-01T07:32:12.067+0000] {manager.py:740} INFO - There are 0 files in /opt/airflow/dags
[2025-11-01T07:37:12.258+0000] {manager.py:737} INFO - Searching for files in /opt/airflow/dags
[2025-11-01T07:37:12.263+0000] {manager.py:740} INFO - There are 0 files in /opt/airflow/dags
[2025-11-01T07:42:12.330+0000] {manager.py:737} INFO - Searching for files in /opt/airflow/dags
[2025-11-01T07:42:12.335+0000] {manager.py:740} INFO - There are 0 files in /opt/airflow/dags
[2025-11-01T07:47:12.432+0000] {manager.py:737} INFO - Searching for files in /opt/airflow/dags
[2025-11-01T07:47:12.436+0000] {manager.py:740} INFO - There are 0 files in /opt/airflow/dags
[2025-11-01T07:52:12.507+0000] {manager.py:737} INFO - Searching for files in /opt/airflow/dags
[2025-11-01T07:52:12.511+0000] {manager.py:740} INFO - There are 0 files in /opt/airflow/dags
[2025-11-01T07:57:12.623+0000] {manager.py:737} INFO - Searching for files in /opt/airflow/dags
[2025-11-01T07:57:12.626+0000] {manager.py:740} INFO - There are 0 files in /opt/airflow/dags
[2025-11-01T08:02:12.699+0000] {manager.py:737} INFO - Searching for files in /opt/airflow/dags
[2025-11-01T08:02:12.703+0000] {manager.py:740} INFO - There are 0 files in /opt/airflow/dags
[2025-11-01T08:07:13.785+0000] {manager.py:737} INFO - Searching for files in /opt/airflow/dags
[2025-11-01T08:07:13.788+0000] {manager.py:740} INFO - There are 0 files in /opt/airflow/dags
[2025-11-01T08:12:13.899+0000] {manager.py:737} INFO - Searching for files in /opt/airflow/dags
[2025-11-01T08:12:13.903+0000] {manager.py:740} INFO - There are 0 files in /opt/airflow/dags
[2025-11-01T08:17:13.948+0000] {manager.py:737} INFO - Searching for files in /opt/airflow/dags
[2025-11-01T08:17:13.952+0000] {manager.py:740} INFO - There are 0 files in /opt/airflow/dags
[2025-11-01T08:22:14.006+0000] {manager.py:737} INFO - Searching for files in /opt/airflow/dags
[2025-11-01T08:22:14.009+0000] {manager.py:740} INFO - There are 0 files in /opt/airflow/dags
[2025-11-01T08:27:14.133+0000] {manager.py:737} INFO - Searching for files in /opt/airflow/dags
[2025-11-01T08:27:14.136+0000] {manager.py:740} INFO - There are 0 files in /opt/airflow/dags
[2025-11-01T08:32:14.682+0000] {manager.py:737} INFO - Searching for files in /opt/airflow/dags
[2025-11-01T08:32:14.684+0000] {manager.py:740} INFO - There are 0 files in /opt/airflow/dags
[2025-11-01T08:37:15.656+0000] {manager.py:737} INFO - Searching for files in /opt/airflow/dags
[2025-11-01T08:37:15.661+0000] {manager.py:740} INFO - There are 0 files in /opt/airflow/dags
[2025-11-01T08:42:15.664+0000] {manager.py:737} INFO - Searching for files in /opt/airflow/dags
[2025-11-01T08:42:15.668+0000] {manager.py:740} INFO - There are 0 files in /opt/airflow/dags
[2025-11-01T08:47:15.769+0000] {manager.py:737} INFO - Searching for files in /opt/airflow/dags
[2025-11-01T08:47:15.773+0000] {manager.py:740} INFO - There are 0 files in /opt/airflow/dags
[2025-11-01T08:52:15.831+0000] {manager.py:737} INFO - Searching for files in /opt/airflow/dags
[2025-11-01T08:52:15.834+0000] {manager.py:740} INFO - There are 0 files in /opt/airflow/dags
[2025-11-01T08:57:16.011+0000] {manager.py:737} INFO - Searching for files in /opt/airflow/dags
[2025-11-01T08:57:16.014+0000] {manager.py:740} INFO - There are 0 files in /opt/airflow/dags
[2025-11-01T09:02:16.164+0000] {manager.py:737} INFO - Searching for files in /opt/airflow/dags
[2025-11-01T09:02:16.169+0000] {manager.py:740} INFO - There are 0 files in /opt/airflow/dags
[2025-11-01T09:07:16.331+0000] {manager.py:737} INFO - Searching for files in /opt/airflow/dags
[2025-11-01T09:07:16.335+0000] {manager.py:740} INFO - There are 0 files in /opt/airflow/dags
[2025-11-01T09:12:16.445+0000] {manager.py:737} INFO - Searching for files in /opt/airflow/dags
[2025-11-01T09:12:16.448+0000] {manager.py:740} INFO - There are 0 files in /opt/airflow/dags
[2025-11-01T09:17:16.604+0000] {manager.py:737} INFO - Searching for files in /opt/airflow/dags
[2025-11-01T09:17:16.608+0000] {manager.py:740} INFO - There are 0 files in /opt/airflow/dags
[2025-11-01T09:22:16.760+0000] {manager.py:737} INFO - Searching for files in /opt/airflow/dags
[2025-11-01T09:22:16.765+0000] {manager.py:740} INFO - There are 0 files in /opt/airflow/dags
[2025-11-01T09:27:16.872+0000] {manager.py:737} INFO - Searching for files in /opt/airflow/dags
[2025-11-01T09:27:16.875+0000] {manager.py:740} INFO - There are 0 files in /opt/airflow/dags
[2025-11-01T09:32:17.037+0000] {manager.py:737} INFO - Searching for files in /opt/airflow/dags
[2025-11-01T09:32:17.041+0000] {manager.py:740} INFO - There are 0 files in /opt/airflow/dags
[2025-11-01T09:37:17.262+0000] {manager.py:737} INFO - Searching for files in /opt/airflow/dags
[2025-11-01T09:37:17.266+0000] {manager.py:740} INFO - There are 0 files in /opt/airflow/dags
[2025-11-01T09:42:17.350+0000] {manager.py:737} INFO - Searching for files in /opt/airflow/dags
[2025-11-01T09:42:17.353+0000] {manager.py:740} INFO - There are 0 files in /opt/airflow/dags
[2025-11-01T09:47:18.353+0000] {manager.py:737} INFO - Searching for files in /opt/airflow/dags
[2025-11-01T09:47:18.357+0000] {manager.py:740} INFO - There are 0 files in /opt/airflow/dags
[2025-11-01T09:52:18.457+0000] {manager.py:737} INFO - Searching for files in /opt/airflow/dags
[2025-11-01T09:52:18.461+0000] {manager.py:740} INFO - There are 0 files in /opt/airflow/dags
[2025-11-01T09:57:18.607+0000] {manager.py:737} INFO - Searching for files in /opt/airflow/dags
[2025-11-01T09:57:18.610+0000] {manager.py:740} INFO - There are 0 files in /opt/airflow/dags
[2025-11-01T10:02:18.772+0000] {manager.py:737} INFO - Searching for files in /opt/airflow/dags
[2025-11-01T10:02:18.775+0000] {manager.py:740} INFO - There are 0 files in /opt/airflow/dags
[2025-11-01T10:07:18.849+0000] {manager.py:737} INFO - Searching for files in /opt/airflow/dags
[2025-11-01T10:07:18.853+0000] {manager.py:740} INFO - There are 0 files in /opt/airflow/dags
[2025-11-01T10:12:18.941+0000] {manager.py:737} INFO - Searching for files in /opt/airflow/dags
[2025-11-01T10:12:18.944+0000] {manager.py:740} INFO - There are 0 files in /opt/airflow/dags
[2025-11-01T10:17:19.041+0000] {manager.py:737} INFO - Searching for files in /opt/airflow/dags
[2025-11-01T10:17:19.043+0000] {manager.py:740} INFO - There are 0 files in /opt/airflow/dags
[2025-11-01T10:22:19.111+0000] {manager.py:737} INFO - Searching for files in /opt/airflow/dags
[2025-11-01T10:22:19.115+0000] {manager.py:740} INFO - There are 0 files in /opt/airflow/dags
[2025-11-01T10:27:19.127+0000] {manager.py:737} INFO - Searching for files in /opt/airflow/dags
[2025-11-01T10:27:19.132+0000] {manager.py:740} INFO - There are 0 files in /opt/airflow/dags
[2025-11-01T10:32:19.226+0000] {manager.py:737} INFO - Searching for files in /opt/airflow/dags
[2025-11-01T10:32:19.229+0000] {manager.py:740} INFO - There are 0 files in /opt/airflow/dags
[2025-11-01T10:37:19.400+0000] {manager.py:737} INFO - Searching for files in /opt/airflow/dags
[2025-11-01T10:37:19.401+0000] {manager.py:740} INFO - There are 0 files in /opt/airflow/dags
[2025-11-01T10:42:19.573+0000] {manager.py:737} INFO - Searching for files in /opt/airflow/dags
[2025-11-01T10:42:19.575+0000] {manager.py:740} INFO - There are 0 files in /opt/airflow/dags
[2025-11-01T10:47:19.723+0000] {manager.py:737} INFO - Searching for files in /opt/airflow/dags
[2025-11-01T10:47:19.726+0000] {manager.py:740} INFO - There are 0 files in /opt/airflow/dags
[2025-11-01T10:52:19.776+0000] {manager.py:737} INFO - Searching for files in /opt/airflow/dags
[2025-11-01T10:52:19.779+0000] {manager.py:740} INFO - There are 0 files in /opt/airflow/dags
[2025-11-01T10:57:19.900+0000] {manager.py:737} INFO - Searching for files in /opt/airflow/dags
[2025-11-01T10:57:19.904+0000] {manager.py:740} INFO - There are 0 files in /opt/airflow/dags
[2025-11-01T11:02:20.010+0000] {manager.py:737} INFO - Searching for files in /opt/airflow/dags
[2025-11-01T11:02:20.012+0000] {manager.py:740} INFO - There are 0 files in /opt/airflow/dags
[2025-11-01T11:07:20.090+0000] {manager.py:737} INFO - Searching for files in /opt/airflow/dags
[2025-11-01T11:07:20.093+0000] {manager.py:740} INFO - There are 0 files in /opt/airflow/dags
[2025-11-01T11:12:20.142+0000] {manager.py:737} INFO - Searching for files in /opt/airflow/dags
[2025-11-01T11:12:20.145+0000] {manager.py:740} INFO - There are 0 files in /opt/airflow/dags
[2025-11-01T11:17:20.366+0000] {manager.py:737} INFO - Searching for files in /opt/airflow/dags
[2025-11-01T11:17:20.368+0000] {manager.py:740} INFO - There are 0 files in /opt/airflow/dags
[2025-11-01T11:22:20.542+0000] {manager.py:737} INFO - Searching for files in /opt/airflow/dags
[2025-11-01T11:22:20.543+0000] {manager.py:740} INFO - There are 0 files in /opt/airflow/dags
[2025-11-01T11:27:20.656+0000] {manager.py:737} INFO - Searching for files in /opt/airflow/dags
[2025-11-01T11:27:20.660+0000] {manager.py:740} INFO - There are 0 files in /opt/airflow/dags
[2025-11-01T11:32:21.069+0000] {manager.py:737} INFO - Searching for files in /opt/airflow/dags
[2025-11-01T11:32:21.071+0000] {manager.py:740} INFO - There are 0 files in /opt/airflow/dags
[2025-11-01T11:37:21.156+0000] {manager.py:737} INFO - Searching for files in /opt/airflow/dags
[2025-11-01T11:37:21.160+0000] {manager.py:740} INFO - There are 0 files in /opt/airflow/dags
[2025-11-01T11:42:21.329+0000] {manager.py:737} INFO - Searching for files in /opt/airflow/dags
[2025-11-01T11:42:21.333+0000] {manager.py:740} INFO - There are 0 files in /opt/airflow/dags
[2025-11-01T11:44:09.170+0000] {manager.py:452} INFO - Exiting gracefully upon receiving signal 15
[2025-11-01T11:44:53.994+0000] {manager.py:470} INFO - Processing files using up to 2 processes at a time 
[2025-11-01T11:44:53.995+0000] {manager.py:471} INFO - Process each file at most once every 30 seconds
[2025-11-01T11:44:53.996+0000] {manager.py:472} INFO - Checking for new files in /opt/airflow/dags every 300 seconds
[2025-11-01T11:44:53.998+0000] {manager.py:737} INFO - Searching for files in /opt/airflow/dags
[2025-11-01T11:44:53.999+0000] {manager.py:740} INFO - There are 0 files in /opt/airflow/dags
[2025-11-01T11:49:54.536+0000] {manager.py:737} INFO - Searching for files in /opt/airflow/dags
[2025-11-01T11:49:54.552+0000] {manager.py:740} INFO - There are 0 files in /opt/airflow/dags
[2025-11-01T11:52:37.311+0000] {manager.py:452} INFO - Exiting gracefully upon receiving signal 15
[2025-11-01T11:53:23.337+0000] {manager.py:470} INFO - Processing files using up to 2 processes at a time 
[2025-11-01T11:53:23.338+0000] {manager.py:471} INFO - Process each file at most once every 30 seconds
[2025-11-01T11:53:23.339+0000] {manager.py:472} INFO - Checking for new files in /opt/airflow/dags every 300 seconds
[2025-11-01T11:53:23.341+0000] {manager.py:737} INFO - Searching for files in /opt/airflow/dags
[2025-11-01T11:53:23.345+0000] {manager.py:740} INFO - There are 0 files in /opt/airflow/dags
[2025-11-01T11:58:23.596+0000] {manager.py:737} INFO - Searching for files in /opt/airflow/dags
[2025-11-01T11:58:23.599+0000] {manager.py:740} INFO - There are 0 files in /opt/airflow/dags
[2025-11-01T12:03:23.703+0000] {manager.py:737} INFO - Searching for files in /opt/airflow/dags
[2025-11-01T12:03:23.704+0000] {manager.py:740} INFO - There are 0 files in /opt/airflow/dags
[2025-11-01T12:08:24.535+0000] {manager.py:737} INFO - Searching for files in /opt/airflow/dags
[2025-11-01T12:08:24.537+0000] {manager.py:740} INFO - There are 0 files in /opt/airflow/dags
[2025-11-01T12:13:25.340+0000] {manager.py:737} INFO - Searching for files in /opt/airflow/dags
[2025-11-01T12:13:25.348+0000] {manager.py:740} INFO - There are 0 files in /opt/airflow/dags
[2025-11-01T12:18:26.087+0000] {manager.py:737} INFO - Searching for files in /opt/airflow/dags
[2025-11-01T12:18:26.088+0000] {manager.py:740} INFO - There are 0 files in /opt/airflow/dags
[2025-11-01T12:23:26.763+0000] {manager.py:737} INFO - Searching for files in /opt/airflow/dags
[2025-11-01T12:23:26.764+0000] {manager.py:740} INFO - There are 0 files in /opt/airflow/dags
[2025-11-01T12:28:27.344+0000] {manager.py:737} INFO - Searching for files in /opt/airflow/dags
[2025-11-01T12:28:27.346+0000] {manager.py:740} INFO - There are 0 files in /opt/airflow/dags
[2025-11-01T12:33:28.174+0000] {manager.py:737} INFO - Searching for files in /opt/airflow/dags
[2025-11-01T12:33:28.175+0000] {manager.py:740} INFO - There are 0 files in /opt/airflow/dags
[2025-11-01T12:38:28.799+0000] {manager.py:737} INFO - Searching for files in /opt/airflow/dags
[2025-11-01T12:38:28.800+0000] {manager.py:740} INFO - There are 0 files in /opt/airflow/dags
[2025-11-01T12:43:29.388+0000] {manager.py:737} INFO - Searching for files in /opt/airflow/dags
[2025-11-01T12:43:29.389+0000] {manager.py:740} INFO - There are 0 files in /opt/airflow/dags
[2025-11-01T12:48:30.068+0000] {manager.py:737} INFO - Searching for files in /opt/airflow/dags
[2025-11-01T12:48:30.070+0000] {manager.py:740} INFO - There are 0 files in /opt/airflow/dags
[2025-11-01T12:53:30.747+0000] {manager.py:737} INFO - Searching for files in /opt/airflow/dags
[2025-11-01T12:53:30.749+0000] {manager.py:740} INFO - There are 0 files in /opt/airflow/dags
[2025-11-01T12:58:31.408+0000] {manager.py:737} INFO - Searching for files in /opt/airflow/dags
[2025-11-01T12:58:31.409+0000] {manager.py:740} INFO - There are 0 files in /opt/airflow/dags
[2025-11-01T13:03:32.130+0000] {manager.py:737} INFO - Searching for files in /opt/airflow/dags
[2025-11-01T13:03:32.132+0000] {manager.py:740} INFO - There are 0 files in /opt/airflow/dags
[2025-11-01T13:08:32.813+0000] {manager.py:737} INFO - Searching for files in /opt/airflow/dags
[2025-11-01T13:08:32.814+0000] {manager.py:740} INFO - There are 0 files in /opt/airflow/dags
[2025-11-01T13:13:33.311+0000] {manager.py:737} INFO - Searching for files in /opt/airflow/dags
[2025-11-01T13:13:33.313+0000] {manager.py:740} INFO - There are 0 files in /opt/airflow/dags
[2025-11-01T13:18:33.786+0000] {manager.py:737} INFO - Searching for files in /opt/airflow/dags
[2025-11-01T13:18:33.790+0000] {manager.py:740} INFO - There are 0 files in /opt/airflow/dags
[2025-11-01T13:23:34.338+0000] {manager.py:737} INFO - Searching for files in /opt/airflow/dags
[2025-11-01T13:23:34.339+0000] {manager.py:740} INFO - There are 0 files in /opt/airflow/dags
[2025-11-01T13:28:34.675+0000] {manager.py:737} INFO - Searching for files in /opt/airflow/dags
[2025-11-01T13:28:34.676+0000] {manager.py:740} INFO - There are 0 files in /opt/airflow/dags
[2025-11-01T13:33:35.070+0000] {manager.py:737} INFO - Searching for files in /opt/airflow/dags
[2025-11-01T13:33:35.071+0000] {manager.py:740} INFO - There are 0 files in /opt/airflow/dags
[2025-11-01T13:38:35.429+0000] {manager.py:737} INFO - Searching for files in /opt/airflow/dags
[2025-11-01T13:38:35.430+0000] {manager.py:740} INFO - There are 0 files in /opt/airflow/dags
[2025-11-01T13:43:35.955+0000] {manager.py:737} INFO - Searching for files in /opt/airflow/dags
[2025-11-01T13:43:35.958+0000] {manager.py:740} INFO - There are 0 files in /opt/airflow/dags
[2025-11-01T13:48:36.955+0000] {manager.py:737} INFO - Searching for files in /opt/airflow/dags
[2025-11-01T13:48:36.958+0000] {manager.py:740} INFO - There are 0 files in /opt/airflow/dags
[2025-11-01T13:53:37.927+0000] {manager.py:737} INFO - Searching for files in /opt/airflow/dags
[2025-11-01T13:53:37.929+0000] {manager.py:740} INFO - There are 0 files in /opt/airflow/dags
[2025-11-01T13:58:38.906+0000] {manager.py:737} INFO - Searching for files in /opt/airflow/dags
[2025-11-01T13:58:38.909+0000] {manager.py:740} INFO - There are 0 files in /opt/airflow/dags
[2025-11-01T14:03:39.906+0000] {manager.py:737} INFO - Searching for files in /opt/airflow/dags
[2025-11-01T14:03:39.910+0000] {manager.py:740} INFO - There are 0 files in /opt/airflow/dags
[2025-11-01T14:08:40.876+0000] {manager.py:737} INFO - Searching for files in /opt/airflow/dags
[2025-11-01T14:08:40.879+0000] {manager.py:740} INFO - There are 0 files in /opt/airflow/dags
[2025-11-01T14:13:41.855+0000] {manager.py:737} INFO - Searching for files in /opt/airflow/dags
[2025-11-01T14:13:41.858+0000] {manager.py:740} INFO - There are 0 files in /opt/airflow/dags
[2025-11-01T14:18:42.820+0000] {manager.py:737} INFO - Searching for files in /opt/airflow/dags
[2025-11-01T14:18:42.824+0000] {manager.py:740} INFO - There are 0 files in /opt/airflow/dags
[2025-11-01T14:23:42.821+0000] {manager.py:737} INFO - Searching for files in /opt/airflow/dags
[2025-11-01T14:23:42.824+0000] {manager.py:740} INFO - There are 0 files in /opt/airflow/dags
[2025-11-01T14:28:43.779+0000] {manager.py:737} INFO - Searching for files in /opt/airflow/dags
[2025-11-01T14:28:43.781+0000] {manager.py:740} INFO - There are 0 files in /opt/airflow/dags
[2025-11-01T14:33:44.749+0000] {manager.py:737} INFO - Searching for files in /opt/airflow/dags
[2025-11-01T14:33:44.752+0000] {manager.py:740} INFO - There are 0 files in /opt/airflow/dags
[2025-11-01T14:38:45.718+0000] {manager.py:737} INFO - Searching for files in /opt/airflow/dags
[2025-11-01T14:38:45.721+0000] {manager.py:740} INFO - There are 0 files in /opt/airflow/dags
[2025-11-01T14:43:46.683+0000] {manager.py:737} INFO - Searching for files in /opt/airflow/dags
[2025-11-01T14:43:46.687+0000] {manager.py:740} INFO - There are 0 files in /opt/airflow/dags
[2025-11-01T14:48:47.664+0000] {manager.py:737} INFO - Searching for files in /opt/airflow/dags
[2025-11-01T14:48:47.668+0000] {manager.py:740} INFO - There are 0 files in /opt/airflow/dags
[2025-11-01T14:53:48.566+0000] {manager.py:737} INFO - Searching for files in /opt/airflow/dags
[2025-11-01T14:53:48.570+0000] {manager.py:740} INFO - There are 0 files in /opt/airflow/dags
[2025-11-01T14:58:49.532+0000] {manager.py:737} INFO - Searching for files in /opt/airflow/dags
[2025-11-01T14:58:49.535+0000] {manager.py:740} INFO - There are 0 files in /opt/airflow/dags
[2025-11-01T15:03:50.499+0000] {manager.py:737} INFO - Searching for files in /opt/airflow/dags
[2025-11-01T15:03:50.502+0000] {manager.py:740} INFO - There are 0 files in /opt/airflow/dags
[2025-11-01T15:08:51.476+0000] {manager.py:737} INFO - Searching for files in /opt/airflow/dags
[2025-11-01T15:08:51.479+0000] {manager.py:740} INFO - There are 0 files in /opt/airflow/dags
[2025-11-01T15:13:52.410+0000] {manager.py:737} INFO - Searching for files in /opt/airflow/dags
[2025-11-01T15:13:52.414+0000] {manager.py:740} INFO - There are 0 files in /opt/airflow/dags
[2025-11-01T15:18:53.374+0000] {manager.py:737} INFO - Searching for files in /opt/airflow/dags
[2025-11-01T15:18:53.377+0000] {manager.py:740} INFO - There are 0 files in /opt/airflow/dags
[2025-11-01T15:23:53.377+0000] {manager.py:737} INFO - Searching for files in /opt/airflow/dags
[2025-11-01T15:23:53.380+0000] {manager.py:740} INFO - There are 0 files in /opt/airflow/dags
[2025-11-01T15:28:54.346+0000] {manager.py:737} INFO - Searching for files in /opt/airflow/dags
[2025-11-01T15:28:54.349+0000] {manager.py:740} INFO - There are 0 files in /opt/airflow/dags
[2025-11-01T15:33:55.343+0000] {manager.py:737} INFO - Searching for files in /opt/airflow/dags
[2025-11-01T15:33:55.346+0000] {manager.py:740} INFO - There are 0 files in /opt/airflow/dags
[2025-11-01T15:38:56.312+0000] {manager.py:737} INFO - Searching for files in /opt/airflow/dags
[2025-11-01T15:38:56.315+0000] {manager.py:740} INFO - There are 0 files in /opt/airflow/dags
[2025-11-01T15:43:57.313+0000] {manager.py:737} INFO - Searching for files in /opt/airflow/dags
[2025-11-01T15:43:57.316+0000] {manager.py:740} INFO - There are 0 files in /opt/airflow/dags
[2025-11-01T15:48:58.285+0000] {manager.py:737} INFO - Searching for files in /opt/airflow/dags
[2025-11-01T15:48:58.289+0000] {manager.py:740} INFO - There are 0 files in /opt/airflow/dags
[2025-11-01T15:53:59.273+0000] {manager.py:737} INFO - Searching for files in /opt/airflow/dags
[2025-11-01T15:53:59.276+0000] {manager.py:740} INFO - There are 0 files in /opt/airflow/dags
[2025-11-01T15:59:00.189+0000] {manager.py:737} INFO - Searching for files in /opt/airflow/dags
[2025-11-01T15:59:00.192+0000] {manager.py:740} INFO - There are 0 files in /opt/airflow/dags
[2025-11-01T16:04:01.113+0000] {manager.py:737} INFO - Searching for files in /opt/airflow/dags
[2025-11-01T16:04:01.116+0000] {manager.py:740} INFO - There are 0 files in /opt/airflow/dags
[2025-11-01T16:09:02.054+0000] {manager.py:737} INFO - Searching for files in /opt/airflow/dags
[2025-11-01T16:09:02.058+0000] {manager.py:740} INFO - There are 0 files in /opt/airflow/dags
[2025-11-01T16:14:02.059+0000] {manager.py:737} INFO - Searching for files in /opt/airflow/dags
[2025-11-01T16:14:02.063+0000] {manager.py:740} INFO - There are 0 files in /opt/airflow/dags
[2025-11-01T16:19:02.076+0000] {manager.py:737} INFO - Searching for files in /opt/airflow/dags
[2025-11-01T16:19:02.079+0000] {manager.py:740} INFO - There are 0 files in /opt/airflow/dags
[2025-11-01T16:24:02.083+0000] {manager.py:737} INFO - Searching for files in /opt/airflow/dags
[2025-11-01T16:24:02.086+0000] {manager.py:740} INFO - There are 0 files in /opt/airflow/dags
[2025-11-01T16:29:03.048+0000] {manager.py:737} INFO - Searching for files in /opt/airflow/dags
[2025-11-01T16:29:03.052+0000] {manager.py:740} INFO - There are 0 files in /opt/airflow/dags
[2025-11-01T16:34:04.035+0000] {manager.py:737} INFO - Searching for files in /opt/airflow/dags
[2025-11-01T16:34:04.038+0000] {manager.py:740} INFO - There are 0 files in /opt/airflow/dags
[2025-11-01T16:39:04.989+0000] {manager.py:737} INFO - Searching for files in /opt/airflow/dags
[2025-11-01T16:39:04.992+0000] {manager.py:740} INFO - There are 0 files in /opt/airflow/dags
[2025-11-01T16:44:05.953+0000] {manager.py:737} INFO - Searching for files in /opt/airflow/dags
[2025-11-01T16:44:05.956+0000] {manager.py:740} INFO - There are 0 files in /opt/airflow/dags
[2025-11-01T16:49:06.919+0000] {manager.py:737} INFO - Searching for files in /opt/airflow/dags
[2025-11-01T16:49:06.921+0000] {manager.py:740} INFO - There are 0 files in /opt/airflow/dags
[2025-11-01T16:54:07.922+0000] {manager.py:737} INFO - Searching for files in /opt/airflow/dags
[2025-11-01T16:54:07.925+0000] {manager.py:740} INFO - There are 0 files in /opt/airflow/dags
[2025-11-01T16:59:08.919+0000] {manager.py:737} INFO - Searching for files in /opt/airflow/dags
[2025-11-01T16:59:08.923+0000] {manager.py:740} INFO - There are 0 files in /opt/airflow/dags
[2025-11-01T17:04:09.802+0000] {manager.py:737} INFO - Searching for files in /opt/airflow/dags
[2025-11-01T17:04:09.805+0000] {manager.py:740} INFO - There are 0 files in /opt/airflow/dags
[2025-11-01T17:09:10.714+0000] {manager.py:737} INFO - Searching for files in /opt/airflow/dags
[2025-11-01T17:09:10.717+0000] {manager.py:740} INFO - There are 0 files in /opt/airflow/dags
[2025-11-01T17:14:11.635+0000] {manager.py:737} INFO - Searching for files in /opt/airflow/dags
[2025-11-01T17:14:11.639+0000] {manager.py:740} INFO - There are 0 files in /opt/airflow/dags
[2025-11-01T17:19:12.601+0000] {manager.py:737} INFO - Searching for files in /opt/airflow/dags
[2025-11-01T17:19:12.603+0000] {manager.py:740} INFO - There are 0 files in /opt/airflow/dags
[2025-11-01T17:24:13.571+0000] {manager.py:737} INFO - Searching for files in /opt/airflow/dags
[2025-11-01T17:24:13.574+0000] {manager.py:740} INFO - There are 0 files in /opt/airflow/dags
[2025-11-01T17:29:14.515+0000] {manager.py:737} INFO - Searching for files in /opt/airflow/dags
[2025-11-01T17:29:14.518+0000] {manager.py:740} INFO - There are 0 files in /opt/airflow/dags
[2025-11-01T17:34:14.517+0000] {manager.py:737} INFO - Searching for files in /opt/airflow/dags
[2025-11-01T17:34:14.520+0000] {manager.py:740} INFO - There are 0 files in /opt/airflow/dags
[2025-11-01T17:39:15.472+0000] {manager.py:737} INFO - Searching for files in /opt/airflow/dags
[2025-11-01T17:39:15.476+0000] {manager.py:740} INFO - There are 0 files in /opt/airflow/dags
[2025-11-01T17:44:16.396+0000] {manager.py:737} INFO - Searching for files in /opt/airflow/dags
[2025-11-01T17:44:16.400+0000] {manager.py:740} INFO - There are 0 files in /opt/airflow/dags
[2025-11-01T17:49:17.335+0000] {manager.py:737} INFO - Searching for files in /opt/airflow/dags
[2025-11-01T17:49:17.338+0000] {manager.py:740} INFO - There are 0 files in /opt/airflow/dags
[2025-11-01T17:54:18.268+0000] {manager.py:737} INFO - Searching for files in /opt/airflow/dags
[2025-11-01T17:54:18.272+0000] {manager.py:740} INFO - There are 0 files in /opt/airflow/dags
[2025-11-01T17:59:19.246+0000] {manager.py:737} INFO - Searching for files in /opt/airflow/dags
[2025-11-01T17:59:19.249+0000] {manager.py:740} INFO - There are 0 files in /opt/airflow/dags
[2025-11-01T18:04:20.195+0000] {manager.py:737} INFO - Searching for files in /opt/airflow/dags
[2025-11-01T18:04:20.198+0000] {manager.py:740} INFO - There are 0 files in /opt/airflow/dags
[2025-11-01T18:09:21.180+0000] {manager.py:737} INFO - Searching for files in /opt/airflow/dags
[2025-11-01T18:09:21.183+0000] {manager.py:740} INFO - There are 0 files in /opt/airflow/dags
[2025-11-01T18:14:21.553+0000] {manager.py:737} INFO - Searching for files in /opt/airflow/dags
[2025-11-01T18:14:21.555+0000] {manager.py:740} INFO - There are 0 files in /opt/airflow/dags
[2025-11-01T18:19:22.469+0000] {manager.py:737} INFO - Searching for files in /opt/airflow/dags
[2025-11-01T18:19:22.473+0000] {manager.py:740} INFO - There are 0 files in /opt/airflow/dags
[2025-11-01T18:24:22.498+0000] {manager.py:737} INFO - Searching for files in /opt/airflow/dags
[2025-11-01T18:24:22.501+0000] {manager.py:740} INFO - There are 0 files in /opt/airflow/dags
[2025-11-01T18:29:23.443+0000] {manager.py:737} INFO - Searching for files in /opt/airflow/dags
[2025-11-01T18:29:23.446+0000] {manager.py:740} INFO - There are 0 files in /opt/airflow/dags
[2025-11-01T18:34:24.422+0000] {manager.py:737} INFO - Searching for files in /opt/airflow/dags
[2025-11-01T18:34:24.425+0000] {manager.py:740} INFO - There are 0 files in /opt/airflow/dags
[2025-11-01T18:39:25.398+0000] {manager.py:737} INFO - Searching for files in /opt/airflow/dags
[2025-11-01T18:39:25.401+0000] {manager.py:740} INFO - There are 0 files in /opt/airflow/dags
[2025-11-01T18:44:26.358+0000] {manager.py:737} INFO - Searching for files in /opt/airflow/dags
[2025-11-01T18:44:26.361+0000] {manager.py:740} INFO - There are 0 files in /opt/airflow/dags
[2025-11-01T18:49:27.349+0000] {manager.py:737} INFO - Searching for files in /opt/airflow/dags
[2025-11-01T18:49:27.352+0000] {manager.py:740} INFO - There are 0 files in /opt/airflow/dags
[2025-11-01T18:54:28.335+0000] {manager.py:737} INFO - Searching for files in /opt/airflow/dags
[2025-11-01T18:54:28.339+0000] {manager.py:740} INFO - There are 0 files in /opt/airflow/dags
[2025-11-01T18:59:28.338+0000] {manager.py:737} INFO - Searching for files in /opt/airflow/dags
[2025-11-01T18:59:28.342+0000] {manager.py:740} INFO - There are 0 files in /opt/airflow/dags
[2025-11-01T19:04:28.353+0000] {manager.py:737} INFO - Searching for files in /opt/airflow/dags
[2025-11-01T19:04:28.355+0000] {manager.py:740} INFO - There are 0 files in /opt/airflow/dags
[2025-11-01T19:09:29.335+0000] {manager.py:737} INFO - Searching for files in /opt/airflow/dags
[2025-11-01T19:09:29.338+0000] {manager.py:740} INFO - There are 0 files in /opt/airflow/dags
[2025-11-01T19:14:30.315+0000] {manager.py:737} INFO - Searching for files in /opt/airflow/dags
[2025-11-01T19:14:30.318+0000] {manager.py:740} INFO - There are 0 files in /opt/airflow/dags
[2025-11-01T19:19:30.316+0000] {manager.py:737} INFO - Searching for files in /opt/airflow/dags
[2025-11-01T19:19:30.319+0000] {manager.py:740} INFO - There are 0 files in /opt/airflow/dags
[2025-11-01T19:24:31.226+0000] {manager.py:737} INFO - Searching for files in /opt/airflow/dags
[2025-11-01T19:24:31.229+0000] {manager.py:740} INFO - There are 0 files in /opt/airflow/dags
[2025-11-01T19:29:32.226+0000] {manager.py:737} INFO - Searching for files in /opt/airflow/dags
[2025-11-01T19:29:32.230+0000] {manager.py:740} INFO - There are 0 files in /opt/airflow/dags
[2025-11-01T19:34:33.216+0000] {manager.py:737} INFO - Searching for files in /opt/airflow/dags
[2025-11-01T19:34:33.219+0000] {manager.py:740} INFO - There are 0 files in /opt/airflow/dags
[2025-11-01T19:39:34.201+0000] {manager.py:737} INFO - Searching for files in /opt/airflow/dags
[2025-11-01T19:39:34.203+0000] {manager.py:740} INFO - There are 0 files in /opt/airflow/dags
[2025-11-01T19:44:35.191+0000] {manager.py:737} INFO - Searching for files in /opt/airflow/dags
[2025-11-01T19:44:35.194+0000] {manager.py:740} INFO - There are 0 files in /opt/airflow/dags
[2025-11-01T19:49:36.157+0000] {manager.py:737} INFO - Searching for files in /opt/airflow/dags
[2025-11-01T19:49:36.159+0000] {manager.py:740} INFO - There are 0 files in /opt/airflow/dags
[2025-11-01T19:54:37.135+0000] {manager.py:737} INFO - Searching for files in /opt/airflow/dags
[2025-11-01T19:54:37.138+0000] {manager.py:740} INFO - There are 0 files in /opt/airflow/dags
[2025-11-01T19:59:38.106+0000] {manager.py:737} INFO - Searching for files in /opt/airflow/dags
[2025-11-01T19:59:38.108+0000] {manager.py:740} INFO - There are 0 files in /opt/airflow/dags
[2025-11-01T20:04:39.077+0000] {manager.py:737} INFO - Searching for files in /opt/airflow/dags
[2025-11-01T20:04:39.080+0000] {manager.py:740} INFO - There are 0 files in /opt/airflow/dags
[2025-11-01T20:09:40.061+0000] {manager.py:737} INFO - Searching for files in /opt/airflow/dags
[2025-11-01T20:09:40.064+0000] {manager.py:740} INFO - There are 0 files in /opt/airflow/dags
[2025-11-01T20:14:41.016+0000] {manager.py:737} INFO - Searching for files in /opt/airflow/dags
[2025-11-01T20:14:41.020+0000] {manager.py:740} INFO - There are 0 files in /opt/airflow/dags
[2025-11-01T20:19:41.989+0000] {manager.py:737} INFO - Searching for files in /opt/airflow/dags
[2025-11-01T20:19:41.993+0000] {manager.py:740} INFO - There are 0 files in /opt/airflow/dags
[2025-11-01T20:24:41.995+0000] {manager.py:737} INFO - Searching for files in /opt/airflow/dags
[2025-11-01T20:24:41.999+0000] {manager.py:740} INFO - There are 0 files in /opt/airflow/dags
[2025-11-01T20:29:42.940+0000] {manager.py:737} INFO - Searching for files in /opt/airflow/dags
[2025-11-01T20:29:42.942+0000] {manager.py:740} INFO - There are 0 files in /opt/airflow/dags
[2025-11-01T20:34:43.917+0000] {manager.py:737} INFO - Searching for files in /opt/airflow/dags
[2025-11-01T20:34:43.920+0000] {manager.py:740} INFO - There are 0 files in /opt/airflow/dags
[2025-11-01T20:39:44.906+0000] {manager.py:737} INFO - Searching for files in /opt/airflow/dags
[2025-11-01T20:39:44.909+0000] {manager.py:740} INFO - There are 0 files in /opt/airflow/dags
[2025-11-01T20:44:45.889+0000] {manager.py:737} INFO - Searching for files in /opt/airflow/dags
[2025-11-01T20:44:45.892+0000] {manager.py:740} INFO - There are 0 files in /opt/airflow/dags
[2025-11-01T20:49:46.877+0000] {manager.py:737} INFO - Searching for files in /opt/airflow/dags
[2025-11-01T20:49:46.881+0000] {manager.py:740} INFO - There are 0 files in /opt/airflow/dags
[2025-11-01T20:54:47.857+0000] {manager.py:737} INFO - Searching for files in /opt/airflow/dags
[2025-11-01T20:54:47.860+0000] {manager.py:740} INFO - There are 0 files in /opt/airflow/dags
[2025-11-01T20:59:48.833+0000] {manager.py:737} INFO - Searching for files in /opt/airflow/dags
[2025-11-01T20:59:48.836+0000] {manager.py:740} INFO - There are 0 files in /opt/airflow/dags
[2025-11-01T21:04:49.788+0000] {manager.py:737} INFO - Searching for files in /opt/airflow/dags
[2025-11-01T21:04:49.792+0000] {manager.py:740} INFO - There are 0 files in /opt/airflow/dags
[2025-11-01T21:09:49.790+0000] {manager.py:737} INFO - Searching for files in /opt/airflow/dags
[2025-11-01T21:09:49.793+0000] {manager.py:740} INFO - There are 0 files in /opt/airflow/dags
[2025-11-01T21:14:50.741+0000] {manager.py:737} INFO - Searching for files in /opt/airflow/dags
[2025-11-01T21:14:50.745+0000] {manager.py:740} INFO - There are 0 files in /opt/airflow/dags
[2025-11-01T21:19:51.732+0000] {manager.py:737} INFO - Searching for files in /opt/airflow/dags
[2025-11-01T21:19:51.735+0000] {manager.py:740} INFO - There are 0 files in /opt/airflow/dags
[2025-11-01T21:24:52.725+0000] {manager.py:737} INFO - Searching for files in /opt/airflow/dags
[2025-11-01T21:24:52.728+0000] {manager.py:740} INFO - There are 0 files in /opt/airflow/dags
[2025-11-01T21:29:53.678+0000] {manager.py:737} INFO - Searching for files in /opt/airflow/dags
[2025-11-01T21:29:53.680+0000] {manager.py:740} INFO - There are 0 files in /opt/airflow/dags
[2025-11-01T21:34:54.639+0000] {manager.py:737} INFO - Searching for files in /opt/airflow/dags
[2025-11-01T21:34:54.640+0000] {manager.py:740} INFO - There are 0 files in /opt/airflow/dags
[2025-11-01T21:39:55.627+0000] {manager.py:737} INFO - Searching for files in /opt/airflow/dags
[2025-11-01T21:39:55.630+0000] {manager.py:740} INFO - There are 0 files in /opt/airflow/dags
[2025-11-01T21:44:56.602+0000] {manager.py:737} INFO - Searching for files in /opt/airflow/dags
[2025-11-01T21:44:56.604+0000] {manager.py:740} INFO - There are 0 files in /opt/airflow/dags
[2025-11-01T21:49:57.554+0000] {manager.py:737} INFO - Searching for files in /opt/airflow/dags
[2025-11-01T21:49:57.558+0000] {manager.py:740} INFO - There are 0 files in /opt/airflow/dags
[2025-11-01T21:54:58.537+0000] {manager.py:737} INFO - Searching for files in /opt/airflow/dags
[2025-11-01T21:54:58.540+0000] {manager.py:740} INFO - There are 0 files in /opt/airflow/dags
[2025-11-01T21:59:59.529+0000] {manager.py:737} INFO - Searching for files in /opt/airflow/dags
[2025-11-01T21:59:59.533+0000] {manager.py:740} INFO - There are 0 files in /opt/airflow/dags
[2025-11-01T22:05:00.515+0000] {manager.py:737} INFO - Searching for files in /opt/airflow/dags
[2025-11-01T22:05:00.518+0000] {manager.py:740} INFO - There are 0 files in /opt/airflow/dags
[2025-11-01T22:10:01.496+0000] {manager.py:737} INFO - Searching for files in /opt/airflow/dags
[2025-11-01T22:10:01.499+0000] {manager.py:740} INFO - There are 0 files in /opt/airflow/dags
[2025-11-01T22:15:02.431+0000] {manager.py:737} INFO - Searching for files in /opt/airflow/dags
[2025-11-01T22:15:02.434+0000] {manager.py:740} INFO - There are 0 files in /opt/airflow/dags
[2025-11-01T22:20:03.398+0000] {manager.py:737} INFO - Searching for files in /opt/airflow/dags
[2025-11-01T22:20:03.401+0000] {manager.py:740} INFO - There are 0 files in /opt/airflow/dags
[2025-11-01T22:25:04.396+0000] {manager.py:737} INFO - Searching for files in /opt/airflow/dags
[2025-11-01T22:25:04.399+0000] {manager.py:740} INFO - There are 0 files in /opt/airflow/dags
[2025-11-01T22:30:05.374+0000] {manager.py:737} INFO - Searching for files in /opt/airflow/dags
[2025-11-01T22:30:05.377+0000] {manager.py:740} INFO - There are 0 files in /opt/airflow/dags
[2025-11-01T22:35:06.328+0000] {manager.py:737} INFO - Searching for files in /opt/airflow/dags
[2025-11-01T22:35:06.331+0000] {manager.py:740} INFO - There are 0 files in /opt/airflow/dags
[2025-11-01T22:40:07.295+0000] {manager.py:737} INFO - Searching for files in /opt/airflow/dags
[2025-11-01T22:40:07.298+0000] {manager.py:740} INFO - There are 0 files in /opt/airflow/dags
[2025-11-01T22:45:08.285+0000] {manager.py:737} INFO - Searching for files in /opt/airflow/dags
[2025-11-01T22:45:08.288+0000] {manager.py:740} INFO - There are 0 files in /opt/airflow/dags
[2025-11-01T22:50:09.228+0000] {manager.py:737} INFO - Searching for files in /opt/airflow/dags
[2025-11-01T22:50:09.232+0000] {manager.py:740} INFO - There are 0 files in /opt/airflow/dags
[2025-11-01T22:55:10.204+0000] {manager.py:737} INFO - Searching for files in /opt/airflow/dags
[2025-11-01T22:55:10.207+0000] {manager.py:740} INFO - There are 0 files in /opt/airflow/dags
[2025-11-01T23:00:10.215+0000] {manager.py:737} INFO - Searching for files in /opt/airflow/dags
[2025-11-01T23:00:10.218+0000] {manager.py:740} INFO - There are 0 files in /opt/airflow/dags
[2025-11-01T23:03:58.167+0000] {manager.py:470} INFO - Processing files using up to 2 processes at a time 
[2025-11-01T23:03:58.167+0000] {manager.py:471} INFO - Process each file at most once every 30 seconds
[2025-11-01T23:03:58.168+0000] {manager.py:472} INFO - Checking for new files in /opt/airflow/dags every 300 seconds
[2025-11-01T23:03:58.169+0000] {manager.py:737} INFO - Searching for files in /opt/airflow/dags
[2025-11-01T23:03:58.170+0000] {manager.py:740} INFO - There are 0 files in /opt/airflow/dags
[2025-11-01T23:08:58.373+0000] {manager.py:737} INFO - Searching for files in /opt/airflow/dags
[2025-11-01T23:08:58.387+0000] {manager.py:740} INFO - There are 0 files in /opt/airflow/dags
[2025-11-01T23:10:50.493+0000] {manager.py:452} INFO - Exiting gracefully upon receiving signal 15
[2025-11-01T23:11:17.195+0000] {manager.py:470} INFO - Processing files using up to 2 processes at a time 
[2025-11-01T23:11:17.196+0000] {manager.py:471} INFO - Process each file at most once every 30 seconds
[2025-11-01T23:11:17.197+0000] {manager.py:472} INFO - Checking for new files in /opt/airflow/dags every 300 seconds
[2025-11-01T23:11:17.198+0000] {manager.py:737} INFO - Searching for files in /opt/airflow/dags
[2025-11-01T23:11:17.205+0000] {manager.py:740} INFO - There are 0 files in /opt/airflow/dags
[2025-11-01T23:16:17.313+0000] {manager.py:737} INFO - Searching for files in /opt/airflow/dags
[2025-11-01T23:16:17.317+0000] {manager.py:740} INFO - There are 0 files in /opt/airflow/dags
[2025-11-02T02:42:04.863+0000] {manager.py:737} INFO - Searching for files in /opt/airflow/dags
[2025-11-02T02:42:04.887+0000] {manager.py:452} INFO - Exiting gracefully upon receiving signal 15
[2025-11-02T02:42:05.380+0000] {manager.py:470} INFO - Processing files using up to 2 processes at a time 
[2025-11-02T02:42:05.380+0000] {manager.py:471} INFO - Process each file at most once every 30 seconds
[2025-11-02T02:42:05.381+0000] {manager.py:472} INFO - Checking for new files in /opt/airflow/dags every 300 seconds
[2025-11-02T02:42:05.381+0000] {manager.py:737} INFO - Searching for files in /opt/airflow/dags
[2025-11-02T02:42:05.383+0000] {manager.py:740} INFO - There are 0 files in /opt/airflow/dags
[2025-11-02T02:47:05.553+0000] {manager.py:737} INFO - Searching for files in /opt/airflow/dags
[2025-11-02T02:47:05.556+0000] {manager.py:740} INFO - There are 0 files in /opt/airflow/dags
[2025-11-02T02:47:24.657+0000] {manager.py:452} INFO - Exiting gracefully upon receiving signal 15
[2025-11-02T02:53:13.468+0000] {manager.py:470} INFO - Processing files using up to 2 processes at a time 
[2025-11-02T02:53:13.471+0000] {manager.py:471} INFO - Process each file at most once every 30 seconds
[2025-11-02T02:53:13.472+0000] {manager.py:472} INFO - Checking for new files in /opt/airflow/dags every 300 seconds
[2025-11-02T02:53:13.479+0000] {manager.py:737} INFO - Searching for files in /opt/airflow/dags
[2025-11-02T02:53:13.483+0000] {manager.py:740} INFO - There are 0 files in /opt/airflow/dags
[2025-11-02T02:54:51.743+0000] {manager.py:452} INFO - Exiting gracefully upon receiving signal 15
[2025-11-02T03:02:36.119+0000] {manager.py:470} INFO - Processing files using up to 2 processes at a time 
[2025-11-02T03:02:36.120+0000] {manager.py:471} INFO - Process each file at most once every 30 seconds
[2025-11-02T03:02:36.121+0000] {manager.py:472} INFO - Checking for new files in /opt/airflow/dags every 300 seconds
[2025-11-02T03:02:36.121+0000] {manager.py:737} INFO - Searching for files in /opt/airflow/dags
[2025-11-02T03:02:36.127+0000] {manager.py:740} INFO - There are 0 files in /opt/airflow/dags
[2025-11-02T03:07:36.130+0000] {manager.py:737} INFO - Searching for files in /opt/airflow/dags
[2025-11-02T03:07:36.136+0000] {manager.py:740} INFO - There are 0 files in /opt/airflow/dags
[2025-11-02T03:12:37.084+0000] {manager.py:737} INFO - Searching for files in /opt/airflow/dags
[2025-11-02T03:12:37.087+0000] {manager.py:740} INFO - There are 0 files in /opt/airflow/dags
[2025-11-02T03:17:37.740+0000] {manager.py:737} INFO - Searching for files in /opt/airflow/dags
[2025-11-02T03:17:37.744+0000] {manager.py:740} INFO - There are 0 files in /opt/airflow/dags
[2025-11-02T03:22:37.813+0000] {manager.py:737} INFO - Searching for files in /opt/airflow/dags
[2025-11-02T03:22:37.815+0000] {manager.py:740} INFO - There are 0 files in /opt/airflow/dags
[2025-11-02T03:27:38.742+0000] {manager.py:737} INFO - Searching for files in /opt/airflow/dags
[2025-11-02T03:27:38.746+0000] {manager.py:740} INFO - There are 0 files in /opt/airflow/dags
[2025-11-02T03:32:39.717+0000] {manager.py:737} INFO - Searching for files in /opt/airflow/dags
[2025-11-02T03:32:39.721+0000] {manager.py:740} INFO - There are 0 files in /opt/airflow/dags
[2025-11-02T03:37:39.825+0000] {manager.py:737} INFO - Searching for files in /opt/airflow/dags
[2025-11-02T03:37:39.829+0000] {manager.py:740} INFO - There are 0 files in /opt/airflow/dags
[2025-11-02T03:42:40.018+0000] {manager.py:737} INFO - Searching for files in /opt/airflow/dags
[2025-11-02T03:42:40.022+0000] {manager.py:740} INFO - There are 0 files in /opt/airflow/dags
[2025-11-02T03:47:40.163+0000] {manager.py:737} INFO - Searching for files in /opt/airflow/dags
[2025-11-02T03:47:40.168+0000] {manager.py:740} INFO - There are 0 files in /opt/airflow/dags
[2025-11-02T03:52:40.250+0000] {manager.py:737} INFO - Searching for files in /opt/airflow/dags
[2025-11-02T03:52:40.254+0000] {manager.py:740} INFO - There are 0 files in /opt/airflow/dags
[2025-11-02T03:57:40.392+0000] {manager.py:737} INFO - Searching for files in /opt/airflow/dags
[2025-11-02T03:57:40.395+0000] {manager.py:740} INFO - There are 0 files in /opt/airflow/dags
[2025-11-02T04:02:40.534+0000] {manager.py:737} INFO - Searching for files in /opt/airflow/dags
[2025-11-02T04:02:40.540+0000] {manager.py:740} INFO - There are 0 files in /opt/airflow/dags
[2025-11-02T04:07:40.565+0000] {manager.py:737} INFO - Searching for files in /opt/airflow/dags
[2025-11-02T04:07:40.569+0000] {manager.py:740} INFO - There are 0 files in /opt/airflow/dags
[2025-11-02T04:12:40.677+0000] {manager.py:737} INFO - Searching for files in /opt/airflow/dags
[2025-11-02T04:12:40.681+0000] {manager.py:740} INFO - There are 0 files in /opt/airflow/dags
[2025-11-02T04:14:31.768+0000] {manager.py:452} INFO - Exiting gracefully upon receiving signal 15
[2025-11-02T04:22:20.074+0000] {manager.py:470} INFO - Processing files using up to 2 processes at a time 
[2025-11-02T04:22:20.077+0000] {manager.py:471} INFO - Process each file at most once every 30 seconds
[2025-11-02T04:22:20.081+0000] {manager.py:472} INFO - Checking for new files in /opt/airflow/dags every 300 seconds
[2025-11-02T04:22:20.084+0000] {manager.py:737} INFO - Searching for files in /opt/airflow/dags
[2025-11-02T04:22:20.094+0000] {manager.py:740} INFO - There are 0 files in /opt/airflow/dags
[2025-11-02T04:22:21.192+0000] {manager.py:452} INFO - Exiting gracefully upon receiving signal 15
[2025-11-02T04:33:54.554+0000] {manager.py:470} INFO - Processing files using up to 2 processes at a time 
[2025-11-02T04:33:54.555+0000] {manager.py:471} INFO - Process each file at most once every 30 seconds
[2025-11-02T04:33:54.556+0000] {manager.py:472} INFO - Checking for new files in /opt/airflow/dags every 300 seconds
[2025-11-02T04:33:54.560+0000] {manager.py:737} INFO - Searching for files in /opt/airflow/dags
[2025-11-02T04:33:54.573+0000] {manager.py:740} INFO - There are 0 files in /opt/airflow/dags
[2025-11-02T04:38:54.715+0000] {manager.py:737} INFO - Searching for files in /opt/airflow/dags
[2025-11-02T04:38:54.720+0000] {manager.py:740} INFO - There are 0 files in /opt/airflow/dags
[2025-11-02T04:43:54.771+0000] {manager.py:737} INFO - Searching for files in /opt/airflow/dags
[2025-11-02T04:43:54.774+0000] {manager.py:740} INFO - There are 0 files in /opt/airflow/dags
[2025-11-02T04:48:54.837+0000] {manager.py:737} INFO - Searching for files in /opt/airflow/dags
[2025-11-02T04:48:54.841+0000] {manager.py:740} INFO - There are 0 files in /opt/airflow/dags
[2025-11-02T04:53:54.923+0000] {manager.py:737} INFO - Searching for files in /opt/airflow/dags
[2025-11-02T04:53:54.927+0000] {manager.py:740} INFO - There are 0 files in /opt/airflow/dags
[2025-11-02T04:58:54.930+0000] {manager.py:737} INFO - Searching for files in /opt/airflow/dags
[2025-11-02T04:58:54.937+0000] {manager.py:740} INFO - There are 0 files in /opt/airflow/dags
[2025-11-02T05:02:06.980+0000] {manager.py:452} INFO - Exiting gracefully upon receiving signal 15
[2025-11-02T05:25:55.364+0000] {manager.py:470} INFO - Processing files using up to 2 processes at a time 
[2025-11-02T05:25:55.366+0000] {manager.py:471} INFO - Process each file at most once every 30 seconds
[2025-11-02T05:25:55.368+0000] {manager.py:472} INFO - Checking for new files in /opt/airflow/dags every 300 seconds
[2025-11-02T05:25:55.369+0000] {manager.py:737} INFO - Searching for files in /opt/airflow/dags
[2025-11-02T05:25:55.377+0000] {manager.py:740} INFO - There are 0 files in /opt/airflow/dags
[2025-11-02T05:30:55.634+0000] {manager.py:737} INFO - Searching for files in /opt/airflow/dags
[2025-11-02T05:30:55.638+0000] {manager.py:740} INFO - There are 0 files in /opt/airflow/dags
[2025-11-02T05:35:55.673+0000] {manager.py:737} INFO - Searching for files in /opt/airflow/dags
[2025-11-02T05:35:55.676+0000] {manager.py:740} INFO - There are 0 files in /opt/airflow/dags
[2025-11-02T05:40:55.699+0000] {manager.py:737} INFO - Searching for files in /opt/airflow/dags
[2025-11-02T05:40:55.703+0000] {manager.py:740} INFO - There are 0 files in /opt/airflow/dags
[2025-11-02T05:45:55.751+0000] {manager.py:737} INFO - Searching for files in /opt/airflow/dags
[2025-11-02T05:45:55.755+0000] {manager.py:740} INFO - There are 0 files in /opt/airflow/dags
[2025-11-02T05:50:55.885+0000] {manager.py:737} INFO - Searching for files in /opt/airflow/dags
[2025-11-02T05:50:55.888+0000] {manager.py:740} INFO - There are 0 files in /opt/airflow/dags
[2025-11-02T05:53:42.662+0000] {manager.py:452} INFO - Exiting gracefully upon receiving signal 15
[2025-11-02T05:54:03.530+0000] {manager.py:470} INFO - Processing files using up to 2 processes at a time 
[2025-11-02T05:54:03.531+0000] {manager.py:471} INFO - Process each file at most once every 30 seconds
[2025-11-02T05:54:03.533+0000] {manager.py:472} INFO - Checking for new files in /opt/airflow/dags every 300 seconds
[2025-11-02T05:54:03.535+0000] {manager.py:737} INFO - Searching for files in /opt/airflow/dags
[2025-11-02T05:54:03.539+0000] {manager.py:740} INFO - There are 0 files in /opt/airflow/dags
[2025-11-02T05:59:03.674+0000] {manager.py:737} INFO - Searching for files in /opt/airflow/dags
[2025-11-02T05:59:03.676+0000] {manager.py:740} INFO - There are 0 files in /opt/airflow/dags
[2025-11-02T06:04:03.852+0000] {manager.py:737} INFO - Searching for files in /opt/airflow/dags
[2025-11-02T06:04:03.856+0000] {manager.py:740} INFO - There are 0 files in /opt/airflow/dags
[2025-11-02T06:09:04.009+0000] {manager.py:737} INFO - Searching for files in /opt/airflow/dags
[2025-11-02T06:09:04.013+0000] {manager.py:740} INFO - There are 0 files in /opt/airflow/dags
[2025-11-02T06:14:04.182+0000] {manager.py:737} INFO - Searching for files in /opt/airflow/dags
[2025-11-02T06:14:04.186+0000] {manager.py:740} INFO - There are 0 files in /opt/airflow/dags
[2025-11-02T06:19:04.231+0000] {manager.py:737} INFO - Searching for files in /opt/airflow/dags
[2025-11-02T06:19:04.235+0000] {manager.py:740} INFO - There are 0 files in /opt/airflow/dags
[2025-11-02T06:24:04.483+0000] {manager.py:737} INFO - Searching for files in /opt/airflow/dags
[2025-11-02T06:24:04.485+0000] {manager.py:740} INFO - There are 0 files in /opt/airflow/dags
[2025-11-02T06:29:04.493+0000] {manager.py:737} INFO - Searching for files in /opt/airflow/dags
[2025-11-02T06:29:04.495+0000] {manager.py:740} INFO - There are 0 files in /opt/airflow/dags
[2025-11-02T06:34:04.647+0000] {manager.py:737} INFO - Searching for files in /opt/airflow/dags
[2025-11-02T06:34:04.651+0000] {manager.py:740} INFO - There are 0 files in /opt/airflow/dags
[2025-11-02T06:34:29.955+0000] {manager.py:452} INFO - Exiting gracefully upon receiving signal 15
[2025-11-02T06:35:59.001+0000] {manager.py:470} INFO - Processing files using up to 2 processes at a time 
[2025-11-02T06:35:59.003+0000] {manager.py:471} INFO - Process each file at most once every 30 seconds
[2025-11-02T06:35:59.006+0000] {manager.py:472} INFO - Checking for new files in /opt/airflow/dags every 300 seconds
[2025-11-02T06:35:59.011+0000] {manager.py:737} INFO - Searching for files in /opt/airflow/dags
[2025-11-02T06:35:59.016+0000] {manager.py:740} INFO - There are 0 files in /opt/airflow/dags
[2025-11-02T06:40:59.206+0000] {manager.py:737} INFO - Searching for files in /opt/airflow/dags
[2025-11-02T06:40:59.210+0000] {manager.py:740} INFO - There are 0 files in /opt/airflow/dags
[2025-11-02T06:45:59.342+0000] {manager.py:737} INFO - Searching for files in /opt/airflow/dags
[2025-11-02T06:45:59.347+0000] {manager.py:740} INFO - There are 0 files in /opt/airflow/dags
[2025-11-02T06:50:59.408+0000] {manager.py:737} INFO - Searching for files in /opt/airflow/dags
[2025-11-02T06:50:59.412+0000] {manager.py:740} INFO - There are 0 files in /opt/airflow/dags
[2025-11-02T06:55:59.487+0000] {manager.py:737} INFO - Searching for files in /opt/airflow/dags
[2025-11-02T06:55:59.491+0000] {manager.py:740} INFO - There are 0 files in /opt/airflow/dags
[2025-11-02T07:00:59.490+0000] {manager.py:737} INFO - Searching for files in /opt/airflow/dags
[2025-11-02T07:00:59.493+0000] {manager.py:740} INFO - There are 0 files in /opt/airflow/dags
